"C:/Users/angel/Documents/Unreal Projects/2DParkourRunner/Runny.uproject" 1
"../../../Engine/Plugins/2D/Paper2D/Paper2D.uplugin" 2
"../../../Engine/Plugins/Blendables/LightPropagationVolume/LightPropagationVolume.uplugin" 3
"../../../Engine/Plugins/Developer/BlankPlugin/BlankPlugin.uplugin" 4
"../../../Engine/Plugins/Developer/CodeLiteSourceCodeAccess/CodeLiteSourceCodeAccess.uplugin" 5
"../../../Engine/Plugins/Developer/GitSourceControl/GitSourceControl.uplugin" 6
"../../../Engine/Plugins/Developer/KDevelopSourceCodeAccess/KDevelopSourceCodeAccess.uplugin" 7
"../../../Engine/Plugins/Developer/NullSourceCodeAccess/NullSourceCodeAccess.uplugin" 8
"../../../Engine/Plugins/Developer/OneSkyLocalizationService/OneSkyLocalizationService.uplugin" 9
"../../../Engine/Plugins/Developer/PerforceSourceControl/PerforceSourceControl.uplugin" 10
"../../../Engine/Plugins/Developer/SubversionSourceControl/SubversionSourceControl.uplugin" 11
"../../../Engine/Plugins/Developer/UObjectPlugin/UObjectPlugin.uplugin" 12
"../../../Engine/Plugins/Developer/VisualStudioSourceCodeAccess/VisualStudioSourceCodeAccess.uplugin" 13
"../../../Engine/Plugins/Developer/XCodeSourceCodeAccess/XCodeSourceCodeAccess.uplugin" 14
"../../../Engine/Plugins/Editor/EpicSurvey/EpicSurvey.uplugin" 15
"../../../Engine/Plugins/Editor/MacGraphicsSwitching/MacGraphicsSwitching.uplugin" 16
"../../../Engine/Plugins/Editor/PluginBrowser/PluginBrowser.uplugin" 17
"../../../Engine/Plugins/Editor/SpeedTreeImporter/SpeedTreeImporter.uplugin" 18
"../../../Engine/Plugins/Experimental/BlueprintStats/BlueprintStats.uplugin" 19
"../../../Engine/Plugins/Experimental/CharacterAI/CharacterAI.uplugin" 20
"../../../Engine/Plugins/Experimental/CodeEditor/CodeEditor.uplugin" 21
"../../../Engine/Plugins/Experimental/CodeView/CodeView.uplugin" 22
"../../../Engine/Plugins/Experimental/HTML5Networking/HTML5Networking.uplugin" 23
"../../../Engine/Plugins/Experimental/LiveEditor/LiveEditor.uplugin" 24
"../../../Engine/Plugins/Experimental/Phya/Phya.uplugin" 25
"../../../Engine/Plugins/Experimental/SimpleHMD/SimpleHMD.uplugin" 26
"../../../Engine/Plugins/Experimental/StructBox/StructBox.uplugin" 27
"../../../Engine/Plugins/Media/AndroidMedia/AndroidMedia.uplugin" 28
"../../../Engine/Plugins/Media/AvfMedia/AvfMedia.uplugin" 29
"../../../Engine/Plugins/Media/MediaPlayerEditor/MediaPlayerEditor.uplugin" 30
"../../../Engine/Plugins/Media/WmfMedia/WmfMedia.uplugin" 31
"../../../Engine/Plugins/Messaging/MessagingDebugger/MessagingDebugger.uplugin" 32
"../../../Engine/Plugins/Messaging/UdpMessaging/UdpMessaging.uplugin" 33
"../../../Engine/Plugins/MovieScene/LevelSequenceEditor/LevelSequenceEditor.uplugin" 34
"../../../Engine/Plugins/NetcodeUnitTest/NetcodeUnitTest/NetcodeUnitTest.uplugin" 35
"../../../Engine/Plugins/NetcodeUnitTest/NUTUnrealEngine4/NUTUnrealEngine4.uplugin" 36
"../../../Engine/Plugins/Runtime/Advertising/IOSTapJoy/IOSTapJoy.uplugin" 37
"../../../Engine/Plugins/Runtime/Analytics/AnalyticsBlueprintLibrary/AnalyticsBlueprintLibrary.uplugin" 38
"../../../Engine/Plugins/Runtime/Analytics/AnalyticsMulticast/AnalyticsMulticast.uplugin" 39
"../../../Engine/Plugins/Runtime/Analytics/Apsalar/IOSApsalar/IOSApsalar.uplugin" 40
"../../../Engine/Plugins/Runtime/Analytics/FileLogging/FileLogging.uplugin" 41
"../../../Engine/Plugins/Runtime/Analytics/Flurry/IOSFlurry/IOSFlurry.uplugin" 42
"../../../Engine/Plugins/Runtime/AndroidDeviceProfileSelector/AndroidDeviceProfileSelector.uplugin" 43
"../../../Engine/Plugins/Runtime/AndroidMoviePlayer/AndroidMoviePlayer.uplugin" 44
"../../../Engine/Plugins/Runtime/AppleMoviePlayer/AppleMoviePlayer.uplugin" 45
"../../../Engine/Plugins/Runtime/ArchVisCharacter/ArchVisCharacter.uplugin" 46
"../../../Engine/Plugins/Runtime/CableComponent/CableComponent.uplugin" 47
"../../../Engine/Plugins/Runtime/CustomMeshComponent/CustomMeshComponent.uplugin" 48
"../../../Engine/Plugins/Runtime/ExampleDeviceProfileSelector/ExampleDeviceProfileSelector.uplugin" 49
"../../../Engine/Plugins/Runtime/GearVR/GearVR.uplugin" 50
"../../../Engine/Plugins/Runtime/IOSDeviceProfileSelector/IOSDeviceProfileSelector.uplugin" 51
"../../../Engine/Plugins/Runtime/LeapMotionController/LeapMotionController.uplugin" 52
"../../../Engine/Plugins/Runtime/LinuxDeviceProfileSelector/LinuxDeviceProfileSelector.uplugin" 53
"../../../Engine/Plugins/Runtime/LiveEditorListenServer/LiveEditorListenServer.uplugin" 54
"../../../Engine/Plugins/Runtime/OculusAudio/OculusAudio.uplugin" 55
"../../../Engine/Plugins/Runtime/OculusInput/OculusInput.uplugin" 56
"../../../Engine/Plugins/Runtime/OculusLibrary/OculusLibrary.uplugin" 57
"../../../Engine/Plugins/Runtime/OculusRift/OculusRift.uplugin" 58
"../../../Engine/Plugins/Runtime/ProceduralMeshComponent/ProceduralMeshComponent.uplugin" 59
"../../../Engine/Plugins/Runtime/SoundMod/SoundMod.uplugin" 60
"../../../Engine/Plugins/Runtime/SoundVisualizations/SoundVisualizations.uplugin" 61
"../../../Engine/Plugins/Runtime/Steam/SteamController/SteamController.uplugin" 62
"../../../Engine/Plugins/Runtime/Steam/SteamVR/SteamVR.uplugin" 63
"../../../Engine/Plugins/Runtime/WebBrowserWidget/WebBrowserWidget.uplugin" 64
"../../../Engine/Plugins/Runtime/WindowsDeviceProfileSelector/WindowsDeviceProfileSelector.uplugin" 65
"../../../Engine/Plugins/Runtime/WindowsMoviePlayer/WindowsMoviePlayer.uplugin" 66
"../../../Engine/Plugins/ScriptGeneratorPlugin/ScriptGeneratorPlugin.uplugin" 67
"../../../Engine/Plugins/ScriptPlugin/ScriptPlugin.uplugin" 68
"../../../Engine/Plugins/Slate/SlateRemote/SlateRemote.uplugin" 69
"..\..\..\Engine\Content\Internationalization\icudt53l\cnvalias.icu" 70
"..\..\..\Engine\Content\Internationalization\icudt53l\en_US_POSIX.res" 71
"..\..\..\Engine\Content\Internationalization\icudt53l\pool.res" 72
"..\..\..\Engine\Content\Internationalization\icudt53l\en_US.res" 73
"..\..\..\Engine\Content\Internationalization\icudt53l\en.res" 74
"..\..\..\Engine\Content\Internationalization\icudt53l\root.res" 75
"C:/Users/angel/AppData/Local/UnrealEngine/4.10/Saved/Config/Windows/Manifest.ini" 76
"../../../Engine/Config/Base.ini" 77
"../../../Engine/Config/BaseEngine.ini" 78
"C:/Users/angel/Documents/Unreal Projects/2DParkourRunner/Config/DefaultEngine.ini" 79
"../../../Engine/Config/Windows/WindowsEngine.ini" 80
"C:/Users/angel/AppData/Local/Unreal Engine/Engine/Config/UserEngine.ini" 81
"C:/Users/angel/Documents/Unreal Projects/2DParkourRunner/Saved/Config/Windows/Engine.ini" 82
"../../../../../../Users/angel/Documents/Unreal Projects/2DParkourRunner/Intermediate/Config/CoalescedSourceConfigs/Engine.ini" 83
"../../../Engine/Config/BaseGame.ini" 84
"C:/Users/angel/Documents/Unreal Projects/2DParkourRunner/Config/DefaultGame.ini" 85
"C:/Users/angel/Documents/Unreal Projects/2DParkourRunner/Saved/Config/Windows/Game.ini" 86
"../../../../../../Users/angel/Documents/Unreal Projects/2DParkourRunner/Intermediate/Config/CoalescedSourceConfigs/Game.ini" 87
"../../../Engine/Config/BaseInput.ini" 88
"C:/Users/angel/Documents/Unreal Projects/2DParkourRunner/Config/DefaultInput.ini" 89
"C:/Users/angel/Documents/Unreal Projects/2DParkourRunner/Saved/Config/Windows/Input.ini" 90
"../../../../../../Users/angel/Documents/Unreal Projects/2DParkourRunner/Intermediate/Config/CoalescedSourceConfigs/Input.ini" 91
"../../../Engine/Config/BaseEditor.ini" 92
"C:/Users/angel/Documents/Unreal Projects/2DParkourRunner/Config/DefaultEditor.ini" 93
"C:/Users/angel/Documents/Unreal Projects/2DParkourRunner/Saved/Config/Windows/Editor.ini" 94
"../../../../../../Users/angel/Documents/Unreal Projects/2DParkourRunner/Intermediate/Config/CoalescedSourceConfigs/Editor.ini" 95
"../../../Engine/Config/BaseEditorPerProjectUserSettings.ini" 96
"C:/Users/angel/Documents/Unreal Projects/2DParkourRunner/Config/DefaultEditorPerProjectUserSettings.ini" 97
"C:/Users/angel/Documents/Unreal Projects/2DParkourRunner/Saved/Config/Windows/EditorPerProjectUserSettings.ini" 98
"../../../../../../Users/angel/Documents/Unreal Projects/2DParkourRunner/Intermediate/Config/CoalescedSourceConfigs/EditorPerProjectUserSettings.ini" 99
"../../../Engine/Config/BaseEditorSettings.ini" 100
"C:/Users/angel/AppData/Local/UnrealEngine/4.10/Saved/Config/Windows/EditorSettings.ini" 101
"../../../../../../Users/angel/Documents/Unreal Projects/2DParkourRunner/Intermediate/Config/CoalescedSourceConfigs/EditorSettings.ini" 102
"../../../Engine/Config/BaseEditorLayout.ini" 103
"C:/Users/angel/AppData/Local/UnrealEngine/4.10/Saved/Config/Windows/EditorLayout.ini" 104
"../../../../../../Users/angel/Documents/Unreal Projects/2DParkourRunner/Intermediate/Config/CoalescedSourceConfigs/EditorLayout.ini" 105
"../../../Engine/Config/BaseEditorKeyBindings.ini" 106
"C:/Users/angel/AppData/Local/UnrealEngine/4.10/Saved/Config/Windows/EditorKeyBindings.ini" 107
"../../../../../../Users/angel/Documents/Unreal Projects/2DParkourRunner/Intermediate/Config/CoalescedSourceConfigs/EditorKeyBindings.ini" 108
"../../../Engine/Config/BaseCompat.ini" 109
"C:/Users/angel/Documents/Unreal Projects/2DParkourRunner/Saved/Config/Windows/Compat.ini" 110
"../../../../../../Users/angel/Documents/Unreal Projects/2DParkourRunner/Intermediate/Config/CoalescedSourceConfigs/Compat.ini" 111
"../../../Engine/Config/BaseLightmass.ini" 112
"C:/Users/angel/Documents/Unreal Projects/2DParkourRunner/Saved/Config/Windows/Lightmass.ini" 113
"../../../../../../Users/angel/Documents/Unreal Projects/2DParkourRunner/Intermediate/Config/CoalescedSourceConfigs/Lightmass.ini" 114
"../../../Engine/Config/BaseScalability.ini" 115
"C:/Users/angel/Documents/Unreal Projects/2DParkourRunner/Saved/Config/Windows/Scalability.ini" 116
"../../../../../../Users/angel/Documents/Unreal Projects/2DParkourRunner/Intermediate/Config/CoalescedSourceConfigs/Scalability.ini" 117
"C:/Users/angel/Documents/Unreal Projects/2DParkourRunner/Saved/Config/Windows/GameUserSettings.ini" 118
"../../../../../../Users/angel/Documents/Unreal Projects/2DParkourRunner/Intermediate/Config/CoalescedSourceConfigs/GameUserSettings.ini" 119
"../../../Engine/Config/BaseDeviceProfiles.ini" 120
"C:/Users/angel/Documents/Unreal Projects/2DParkourRunner/Saved/Config/Windows/DeviceProfiles.ini" 121
"../../../../../../Users/angel/Documents/Unreal Projects/2DParkourRunner/Intermediate/Config/CoalescedSourceConfigs/DeviceProfiles.ini" 122
"../../../Engine/Config/ConsoleVariables.ini" 123
"..\..\..\Engine\Content\Internationalization\icudt53l\es.res" 124
"..\..\..\Engine\Content\Internationalization\icudt53l\ja.res" 125
"..\..\..\Engine\Content\Internationalization\icudt53l\ko.res" 126
"..\..\..\Engine\Content\Internationalization\icudt53l\pt_BR.res" 127
"..\..\..\Engine\Content\Internationalization\icudt53l\pt.res" 128
"..\..\..\Engine\Content\Internationalization\icudt53l\zh_CN.res" 129
"..\..\..\Engine\Content\Internationalization\icudt53l\zh_Hans_CN.res" 130
"..\..\..\Engine\Content\Internationalization\icudt53l\zh_Hans.res" 131
"..\..\..\Engine\Content\Internationalization\icudt53l\zh.res" 132
"C:/Program Files (x86)/Epic Games/4.10/Engine/Content/Localization/Editor/en/Editor.locres" 133
"C:/Program Files (x86)/Epic Games/4.10/Engine/Content/Localization/EditorTutorials/en/EditorTutorials.locres" 134
"C:/Program Files (x86)/Epic Games/4.10/Engine/Content/Localization/Keywords/en/Keywords.locres" 135
"C:/Program Files (x86)/Epic Games/4.10/Engine/Content/Localization/Category/en/Category.locres" 136
"C:/Program Files (x86)/Epic Games/4.10/Engine/Content/Localization/ToolTips/en/ToolTips.locres" 137
"C:/Program Files (x86)/Epic Games/4.10/Engine/Content/Localization/PropertyNames/en/PropertyNames.locres" 138
"C:/Program Files (x86)/Epic Games/4.10/Engine/Content/Localization/Engine/en/Engine.locres" 139
"../../../Engine/Content/Slate/Fonts/Roboto-Regular.ttf" 140
"../../../Engine/Content/Slate/Fonts/DroidSansMono.ttf" 141
"../../../Engine/Content/Slate/Fonts/Roboto-Bold.ttf" 142
"../../../Engine/Content/Slate/Fonts/Roboto-Light.ttf" 143
"C:/Program Files (x86)/Epic Games/4.10/Engine/Binaries/Win64/../../../Engine/Shaders/ParticleSpriteVertexFactory.usf" 144
"C:/Program Files (x86)/Epic Games/4.10/Engine/Binaries/Win64/../../../Engine/Shaders/VertexFactoryCommon.usf" 145
"C:/Program Files (x86)/Epic Games/4.10/Engine/Binaries/Win64/../../../Engine/Shaders/Common.usf" 146
"C:/Program Files (x86)/Epic Games/4.10/Engine/Binaries/Win64/../../../Engine/Shaders/MetalCommon.usf" 147
"C:/Program Files (x86)/Epic Games/4.10/Engine/Binaries/Win64/../../../Engine/Shaders/ShaderVersion.usf" 148
"C:/Program Files (x86)/Epic Games/4.10/Engine/Binaries/Win64/../../../Engine/Shaders/CommonViewUniformBuffer.usf" 149
"C:/Program Files (x86)/Epic Games/4.10/Engine/Binaries/Win64/../../../Engine/Shaders/Definitions.usf" 150
"C:/Program Files (x86)/Epic Games/4.10/Engine/Binaries/Win64/../../../Engine/Shaders/Random.usf" 151
"C:/Program Files (x86)/Epic Games/4.10/Engine/Binaries/Win64/../../../Engine/Shaders/ParticleVertexFactoryCommon.usf" 152
"C:/Program Files (x86)/Epic Games/4.10/Engine/Binaries/Win64/../../../Engine/Shaders/ParticleGPUSpriteVertexFactory.usf" 153
"C:/Program Files (x86)/Epic Games/4.10/Engine/Binaries/Win64/../../../Engine/Shaders/ParticleBeamTrailVertexFactory.usf" 154
"C:/Program Files (x86)/Epic Games/4.10/Engine/Binaries/Win64/../../../Engine/Shaders/LocalVertexFactory.usf" 155
"C:/Program Files (x86)/Epic Games/4.10/Engine/Binaries/Win64/../../../Engine/Shaders/LocalVertexFactoryCommon.usf" 156
"C:/Program Files (x86)/Epic Games/4.10/Engine/Binaries/Win64/../../../Engine/Shaders/VectorFieldVisualizationVertexFactory.usf" 157
"C:/Program Files (x86)/Epic Games/4.10/Engine/Binaries/Win64/../../../Engine/Shaders/MeshParticleVertexFactory.usf" 158
"C:/Program Files (x86)/Epic Games/4.10/Engine/Binaries/Win64/../../../Engine/Shaders/GpuSkinVertexFactory.usf" 159
"C:/Program Files (x86)/Epic Games/4.10/Engine/Binaries/Win64/../../../Engine/Shaders/GpuSkinCacheCommon.usf" 160
"C:/Program Files (x86)/Epic Games/4.10/Engine/Binaries/Win64/../../../Engine/Shaders/LandscapeVertexFactory.usf" 161
"C:/Program Files (x86)/Epic Games/4.10/Engine/Binaries/Win64/../../../Engine/Shaders/SlateElementPixelShader.usf" 162
"C:/Program Files (x86)/Epic Games/4.10/Engine/Binaries/Win64/../../../Engine/Shaders/GammaCorrectionCommon.usf" 163
"C:/Program Files (x86)/Epic Games/4.10/Engine/Binaries/Win64/../../../Engine/Shaders/MaterialTemplate.usf" 164
"C:/Program Files (x86)/Epic Games/4.10/Engine/Binaries/Win64/../../../Engine/Shaders/DepthOfFieldCommon.usf" 165
"C:/Program Files (x86)/Epic Games/4.10/Engine/Binaries/Win64/../../../Engine/Shaders/GlobalDistanceFieldShared.usf" 166
"C:/Program Files (x86)/Epic Games/4.10/Engine/Binaries/Win64/../../../Engine/Shaders/SpeedTreeCommon.usf" 167
"C:/Program Files (x86)/Epic Games/4.10/Engine/Binaries/Win64/../../../Engine/Shaders/AtmosphereCommon.usf" 168
"C:/Program Files (x86)/Epic Games/4.10/Engine/Binaries/Win64/../../../Engine/Shaders/PaniniProjection.usf" 169
"C:/Program Files (x86)/Epic Games/4.10/Engine/Binaries/Win64/../../../Engine/Shaders/EyeAdaptationCommon.usf" 170
"C:/Program Files (x86)/Epic Games/4.10/Engine/Binaries/Win64/../../../Engine/Shaders/PostProcessCommon.usf" 171
"C:/Program Files (x86)/Epic Games/4.10/Engine/Binaries/Win64/../../../Engine/Shaders/DeferredShadingCommon.usf" 172
"C:/Program Files (x86)/Epic Games/4.10/Engine/Binaries/Win64/../../../Engine/Shaders/LightAccumulator.usf" 173
"C:/Program Files (x86)/Epic Games/4.10/Engine/Binaries/Win64/../../../Engine/Shaders/SlateVertexShader.usf" 174
"C:/Program Files (x86)/Epic Games/4.10/Engine/Binaries/Win64/../../../Engine/Shaders/ParticleSortKeyGen.usf" 175
"C:/Program Files (x86)/Epic Games/4.10/Engine/Binaries/Win64/../../../Engine/Shaders/ParticleBoundsShader.usf" 176
"C:/Program Files (x86)/Epic Games/4.10/Engine/Binaries/Win64/../../../Engine/Shaders/ParticleSimVisualizeShader.usf" 177
"C:/Program Files (x86)/Epic Games/4.10/Engine/Binaries/Win64/../../../Engine/Shaders/ParticleInjectionShader.usf" 178
"C:/Program Files (x86)/Epic Games/4.10/Engine/Binaries/Win64/../../../Engine/Shaders/ParticleSimulationShader.usf" 179
"C:/Program Files (x86)/Epic Games/4.10/Engine/Binaries/Win64/../../../Engine/Shaders/ParticleCurveInjectionShader.usf" 180
"C:/Program Files (x86)/Epic Games/4.10/Engine/Binaries/Win64/../../../Engine/Shaders/VectorFieldCompositeShaders.usf" 181
"C:/Program Files (x86)/Epic Games/4.10/Engine/Binaries/Win64/../../../Engine/Shaders/UpdateTextureShaders.usf" 182
"C:/Program Files (x86)/Epic Games/4.10/Engine/Binaries/Win64/../../../Engine/Shaders/SimpleElementColorChannelMaskPixelShader.usf" 183
"C:/Program Files (x86)/Epic Games/4.10/Engine/Binaries/Win64/../../../Engine/Shaders/SimpleElementPixelShader.usf" 184
"C:/Program Files (x86)/Epic Games/4.10/Engine/Binaries/Win64/../../../Engine/Shaders/ColorUtils.usf" 185
"C:/Program Files (x86)/Epic Games/4.10/Engine/Binaries/Win64/../../../Engine/Shaders/IESLightProfilesCommon.usf" 186
"C:/Program Files (x86)/Epic Games/4.10/Engine/Binaries/Win64/../../../Engine/Shaders/SimpleElementHitProxyPixelShader.usf" 187
"C:/Program Files (x86)/Epic Games/4.10/Engine/Binaries/Win64/../../../Engine/Shaders/SimpleElementVertexShader.usf" 188
"C:/Program Files (x86)/Epic Games/4.10/Engine/Binaries/Win64/../../../Engine/Shaders/ScreenVertexShader.usf" 189
"C:/Program Files (x86)/Epic Games/4.10/Engine/Binaries/Win64/../../../Engine/Shaders/ScreenPixelShader.usf" 190
"C:/Program Files (x86)/Epic Games/4.10/Engine/Binaries/Win64/../../../Engine/Shaders/RadixSortShaders.usf" 191
"C:/Program Files (x86)/Epic Games/4.10/Engine/Binaries/Win64/../../../Engine/Shaders/GpuSkinCacheComputeShader.usf" 192
"C:/Program Files (x86)/Epic Games/4.10/Engine/Binaries/Win64/../../../Engine/Shaders/NullPixelShader.usf" 193
"C:/Program Files (x86)/Epic Games/4.10/Engine/Binaries/Win64/../../../Engine/Shaders/LandscapeGrassWeight.usf" 194
"C:/Program Files (x86)/Epic Games/4.10/Engine/Binaries/Win64/../../../Engine/Shaders/VisualizeTexture.usf" 195
"C:/Program Files (x86)/Epic Games/4.10/Engine/Binaries/Win64/../../../Engine/Shaders/ScreenSpaceReflections.usf" 196
"C:/Program Files (x86)/Epic Games/4.10/Engine/Binaries/Win64/../../../Engine/Shaders/BRDF.usf" 197
"C:/Program Files (x86)/Epic Games/4.10/Engine/Binaries/Win64/../../../Engine/Shaders/MonteCarlo.usf" 198
"C:/Program Files (x86)/Epic Games/4.10/Engine/Binaries/Win64/../../../Engine/Shaders/ScreenSpaceRayCast.usf" 199
"C:/Program Files (x86)/Epic Games/4.10/Engine/Binaries/Win64/../../../Engine/Shaders/FilterVertexShader.usf" 200
"C:/Program Files (x86)/Epic Games/4.10/Engine/Binaries/Win64/../../../Engine/Shaders/FilterPixelShader.usf" 201
"C:/Program Files (x86)/Epic Games/4.10/Engine/Binaries/Win64/../../../Engine/Shaders/PostProcessVisualizeHDR.usf" 202
"C:/Program Files (x86)/Epic Games/4.10/Engine/Binaries/Win64/../../../Engine/Shaders/PostProcessHistogramCommon.usf" 203
"C:/Program Files (x86)/Epic Games/4.10/Engine/Binaries/Win64/../../../Engine/Shaders/TonemapCommon.usf" 204
"C:/Program Files (x86)/Epic Games/4.10/Engine/Binaries/Win64/../../../Engine/Shaders/ACES.usf" 205
"C:/Program Files (x86)/Epic Games/4.10/Engine/Binaries/Win64/../../../Engine/Shaders/MiniFontCommon.usf" 206
"C:/Program Files (x86)/Epic Games/4.10/Engine/Binaries/Win64/../../../Engine/Shaders/PostProcessVisualizeBuffer.usf" 207
"C:/Program Files (x86)/Epic Games/4.10/Engine/Binaries/Win64/../../../Engine/Shaders/PostProcessUpscale.usf" 208
"C:/Program Files (x86)/Epic Games/4.10/Engine/Binaries/Win64/../../../Engine/Shaders/PostProcessTonemap.usf" 209
"C:/Program Files (x86)/Epic Games/4.10/Engine/Binaries/Win64/../../../Engine/Shaders/PostProcessTestImage.usf" 210
"C:/Program Files (x86)/Epic Games/4.10/Engine/Binaries/Win64/../../../Engine/Shaders/PostProcessTemporalAA.usf" 211
"C:/Program Files (x86)/Epic Games/4.10/Engine/Binaries/Win64/../../../Engine/Shaders/PostProcessTemporalCommon.usf" 212
"C:/Program Files (x86)/Epic Games/4.10/Engine/Binaries/Win64/../../../Engine/Shaders/PostProcessSubsurface.usf" 213
"C:/Program Files (x86)/Epic Games/4.10/Engine/Binaries/Win64/../../../Engine/Shaders/SeparableSSS.usf" 214
"C:/Program Files (x86)/Epic Games/4.10/Engine/Binaries/Win64/../../../Engine/Shaders/PostProcessSelectionOutline.usf" 215
"C:/Program Files (x86)/Epic Games/4.10/Engine/Binaries/Win64/../../../Engine/Shaders/PostProcessSceneColorFringe.usf" 216
"C:/Program Files (x86)/Epic Games/4.10/Engine/Binaries/Win64/../../../Engine/Shaders/PostProcessNoiseBlur.usf" 217
"C:/Program Files (x86)/Epic Games/4.10/Engine/Binaries/Win64/../../../Engine/Shaders/PostProcessMotionBlur.usf" 218
"C:/Program Files (x86)/Epic Games/4.10/Engine/Binaries/Win64/../../../Engine/Shaders/FastMath.usf" 219
"C:/Program Files (x86)/Epic Games/4.10/Engine/Binaries/Win64/../../../Engine/Shaders/PostProcessVelocityFlatten.usf" 220
"C:/Program Files (x86)/Epic Games/4.10/Engine/Binaries/Win64/../../../Engine/Shaders/PostProcessMobile.usf" 221
"C:/Program Files (x86)/Epic Games/4.10/Engine/Binaries/Win64/../../../Engine/Shaders/PostProcessMaterialShaders.usf" 222
"C:/Program Files (x86)/Epic Games/4.10/Engine/Binaries/Win64/../../../Engine/Shaders/PostProcessLensFlares.usf" 223
"C:/Program Files (x86)/Epic Games/4.10/Engine/Binaries/Win64/../../../Engine/Shaders/PostProcessLensBlur.usf" 224
"C:/Program Files (x86)/Epic Games/4.10/Engine/Binaries/Win64/../../../Engine/Shaders/PostProcessBloom.usf" 225
"C:/Program Files (x86)/Epic Games/4.10/Engine/Binaries/Win64/../../../Engine/Shaders/PostProcessHMD.usf" 226
"C:/Program Files (x86)/Epic Games/4.10/Engine/Binaries/Win64/../../../Engine/Shaders/PostProcessHistogramReduce.usf" 227
"C:/Program Files (x86)/Epic Games/4.10/Engine/Binaries/Win64/../../../Engine/Shaders/PostProcessHistogram.usf" 228
"C:/Program Files (x86)/Epic Games/4.10/Engine/Binaries/Win64/../../../Engine/Shaders/PostProcessHierarchical.usf" 229
"C:/Program Files (x86)/Epic Games/4.10/Engine/Binaries/Win64/../../../Engine/Shaders/PostProcessGBufferHints.usf" 230
"C:/Program Files (x86)/Epic Games/4.10/Engine/Binaries/Win64/../../../Engine/Shaders/PostProcessEyeAdaptation.usf" 231
"C:/Program Files (x86)/Epic Games/4.10/Engine/Binaries/Win64/../../../Engine/Shaders/PostProcessDownsample.usf" 232
"C:/Program Files (x86)/Epic Games/4.10/Engine/Binaries/Win64/../../../Engine/Shaders/PostProcessDOF.usf" 233
"C:/Program Files (x86)/Epic Games/4.10/Engine/Binaries/Win64/../../../Engine/Shaders/PostProcessCompositeEditorPrimitives.usf" 234
"C:/Program Files (x86)/Epic Games/4.10/Engine/Binaries/Win64/../../../Engine/Shaders/PostProcessCombineLUTs.usf" 235
"C:/Program Files (x86)/Epic Games/4.10/Engine/Binaries/Win64/../../../Engine/Shaders/PostProcessCircleDOF.usf" 236
"C:/Program Files (x86)/Epic Games/4.10/Engine/Binaries/Win64/../../../Engine/Shaders/CircleDOFCommon.usf" 237
"C:/Program Files (x86)/Epic Games/4.10/Engine/Binaries/Win64/../../../Engine/Shaders/PostProcessBusyWait.usf" 238
"C:/Program Files (x86)/Epic Games/4.10/Engine/Binaries/Win64/../../../Engine/Shaders/PostProcessBokehDOF.usf" 239
"C:/Program Files (x86)/Epic Games/4.10/Engine/Binaries/Win64/../../../Engine/Shaders/PostProcessVisualizeDOF.usf" 240
"C:/Program Files (x86)/Epic Games/4.10/Engine/Binaries/Win64/../../../Engine/Shaders/FXAAShader.usf" 241
"C:/Program Files (x86)/Epic Games/4.10/Engine/Binaries/Win64/../../../Engine/Shaders/Fxaa3_11.usf" 242
"C:/Program Files (x86)/Epic Games/4.10/Engine/Binaries/Win64/../../../Engine/Shaders/PostProcessPassThrough.usf" 243
"C:/Program Files (x86)/Epic Games/4.10/Engine/Binaries/Win64/../../../Engine/Shaders/PostProcessLpvIndirect.usf" 244
"C:/Program Files (x86)/Epic Games/4.10/Engine/Binaries/Win64/../../../Engine/Shaders/DeferredLightingCommon.usf" 245
"C:/Program Files (x86)/Epic Games/4.10/Engine/Binaries/Win64/../../../Engine/Shaders/DynamicLightingCommon.usf" 246
"C:/Program Files (x86)/Epic Games/4.10/Engine/Binaries/Win64/../../../Engine/Shaders/ShadingModels.usf" 247
"C:/Program Files (x86)/Epic Games/4.10/Engine/Binaries/Win64/../../../Engine/Shaders/LPVFinalPass.usf" 248
"C:/Program Files (x86)/Epic Games/4.10/Engine/Binaries/Win64/../../../Engine/Shaders/LPVCommon.usf" 249
"C:/Program Files (x86)/Epic Games/4.10/Engine/Binaries/Win64/../../../Engine/Shaders/DeferredDecal.usf" 250
"C:/Program Files (x86)/Epic Games/4.10/Engine/Binaries/Win64/../../../Engine/Shaders/PostProcessAmbientOcclusion.usf" 251
"C:/Program Files (x86)/Epic Games/4.10/Engine/Binaries/Win64/../../../Engine/Shaders/PostProcessAmbient.usf" 252
"C:/Program Files (x86)/Epic Games/4.10/Engine/Binaries/Win64/../../../Engine/Shaders/CubemapCommon.usf" 253
"C:/Program Files (x86)/Epic Games/4.10/Engine/Binaries/Win64/../../../Engine/Shaders/VelocityShader.usf" 254
"C:/Program Files (x86)/Epic Games/4.10/Engine/Binaries/Win64/../../../Engine/Shaders/VelocityCommon.usf" 255
"C:/Program Files (x86)/Epic Games/4.10/Engine/Binaries/Win64/../../../Engine/Shaders/Tessellation.usf" 256
"C:/Program Files (x86)/Epic Games/4.10/Engine/Binaries/Win64/../../../Engine/Shaders/FlatTessellation.usf" 257
"C:/Program Files (x86)/Epic Games/4.10/Engine/Binaries/Win64/../../../Engine/Shaders/PNTriangles.usf" 258
"C:/Program Files (x86)/Epic Games/4.10/Engine/Binaries/Win64/../../../Engine/Shaders/TranslucentLightingShaders.usf" 259
"C:/Program Files (x86)/Epic Games/4.10/Engine/Binaries/Win64/../../../Engine/Shaders/SHCommon.usf" 260
"C:/Program Files (x86)/Epic Games/4.10/Engine/Binaries/Win64/../../../Engine/Shaders/ShadowProjectionCommon.usf" 261
"C:/Program Files (x86)/Epic Games/4.10/Engine/Binaries/Win64/../../../Engine/Shaders/TranslucentLightInjectionShaders.usf" 262
"C:/Program Files (x86)/Epic Games/4.10/Engine/Binaries/Win64/../../../Engine/Shaders/LightFunctionCommon.usf" 263
"C:/Program Files (x86)/Epic Games/4.10/Engine/Binaries/Win64/../../../Engine/Shaders/TranslucentShadowDepthShaders.usf" 264
"C:/Program Files (x86)/Epic Games/4.10/Engine/Binaries/Win64/../../../Engine/Shaders/ShadowDepthCommon.usf" 265
"C:/Program Files (x86)/Epic Games/4.10/Engine/Binaries/Win64/../../../Engine/Shaders/TiledDeferredLightShaders.usf" 266
"C:/Program Files (x86)/Epic Games/4.10/Engine/Binaries/Win64/../../../Engine/Shaders/SurfelTree.usf" 267
"C:/Program Files (x86)/Epic Games/4.10/Engine/Binaries/Win64/../../../Engine/Shaders/DistanceFieldLightingShared.usf" 268
"C:/Program Files (x86)/Epic Games/4.10/Engine/Binaries/Win64/../../../Engine/Shaders/SurfelMaterialShared.usf" 269
"C:/Program Files (x86)/Epic Games/4.10/Engine/Binaries/Win64/../../../Engine/Shaders/DistanceFieldAOShared.usf" 270
"C:/Program Files (x86)/Epic Games/4.10/Engine/Binaries/Win64/../../../Engine/Shaders/ShadowProjectionPixelShader.usf" 271
"C:/Program Files (x86)/Epic Games/4.10/Engine/Binaries/Win64/../../../Engine/Shaders/ShadowFilteringCommon.usf" 272
"C:/Program Files (x86)/Epic Games/4.10/Engine/Binaries/Win64/../../../Engine/Shaders/ShadowProjectionVertexShader.usf" 273
"C:/Program Files (x86)/Epic Games/4.10/Engine/Binaries/Win64/../../../Engine/Shaders/ShadowDepthPixelShader.usf" 274
"C:/Program Files (x86)/Epic Games/4.10/Engine/Binaries/Win64/../../../Engine/Shaders/LPVWriteVplCommon.usf" 275
"C:/Program Files (x86)/Epic Games/4.10/Engine/Binaries/Win64/../../../Engine/Shaders/LPVWriteCommon.usf" 276
"C:/Program Files (x86)/Epic Games/4.10/Engine/Binaries/Win64/../../../Engine/Shaders/ShadowDepthVertexShader.usf" 277
"C:/Program Files (x86)/Epic Games/4.10/Engine/Binaries/Win64/../../../Engine/Shaders/ShaderComplexityApplyPixelShader.usf" 278
"C:/Program Files (x86)/Epic Games/4.10/Engine/Binaries/Win64/../../../Engine/Shaders/ShaderComplexityApplyVertexShader.usf" 279
"C:/Program Files (x86)/Epic Games/4.10/Engine/Binaries/Win64/../../../Engine/Shaders/ShaderComplexityAccumulatePixelShader.usf" 280
"C:/Program Files (x86)/Epic Games/4.10/Engine/Binaries/Win64/../../../Engine/Shaders/HZBOcclusion.usf" 281
"C:/Program Files (x86)/Epic Games/4.10/Engine/Binaries/Win64/../../../Engine/Shaders/OcclusionQueryVertexShader.usf" 282
"C:/Program Files (x86)/Epic Games/4.10/Engine/Binaries/Win64/../../../Engine/Shaders/HitProxyPixelShader.usf" 283
"C:/Program Files (x86)/Epic Games/4.10/Engine/Binaries/Win64/../../../Engine/Shaders/HitProxyVertexShader.usf" 284
"C:/Program Files (x86)/Epic Games/4.10/Engine/Binaries/Win64/../../../Engine/Shaders/ReflectionEnvironmentShaders.usf" 285
"C:/Program Files (x86)/Epic Games/4.10/Engine/Binaries/Win64/../../../Engine/Shaders/ReflectionEnvironmentShared.usf" 286
"C:/Program Files (x86)/Epic Games/4.10/Engine/Binaries/Win64/../../../Engine/Shaders/SkyLightingShared.usf" 287
"C:/Program Files (x86)/Epic Games/4.10/Engine/Binaries/Win64/../../../Engine/Shaders/ReflectionEnvironmentComputeShaders.usf" 288
"C:/Program Files (x86)/Epic Games/4.10/Engine/Binaries/Win64/../../../Engine/Shaders/LightShaftShader.usf" 289
"C:/Program Files (x86)/Epic Games/4.10/Engine/Binaries/Win64/../../../Engine/Shaders/StationaryLightOverlapShaders.usf" 290
"C:/Program Files (x86)/Epic Games/4.10/Engine/Binaries/Win64/../../../Engine/Shaders/DeferredLightPixelShaders.usf" 291
"C:/Program Files (x86)/Epic Games/4.10/Engine/Binaries/Win64/../../../Engine/Shaders/DeferredLightVertexShaders.usf" 292
"C:/Program Files (x86)/Epic Games/4.10/Engine/Binaries/Win64/../../../Engine/Shaders/LPVVisualise.usf" 293
"C:/Program Files (x86)/Epic Games/4.10/Engine/Binaries/Win64/../../../Engine/Shaders/LPVGeometryVolumeCommon.usf" 294
"C:/Program Files (x86)/Epic Games/4.10/Engine/Binaries/Win64/../../../Engine/Shaders/LPVDirectLightInject.usf" 295
"C:/Program Files (x86)/Epic Games/4.10/Engine/Binaries/Win64/../../../Engine/Shaders/LPVPropagate.usf" 296
"C:/Program Files (x86)/Epic Games/4.10/Engine/Binaries/Win64/../../../Engine/Shaders/LPVPacking.usf" 297
"C:/Program Files (x86)/Epic Games/4.10/Engine/Binaries/Win64/../../../Engine/Shaders/LPVBuildGeometryVolume.usf" 298
"C:/Program Files (x86)/Epic Games/4.10/Engine/Binaries/Win64/../../../Engine/Shaders/LpvDirectionalOcclusion.usf" 299
"C:/Program Files (x86)/Epic Games/4.10/Engine/Binaries/Win64/../../../Engine/Shaders/LPVInject_AccumulateVplLists.usf" 300
"C:/Program Files (x86)/Epic Games/4.10/Engine/Binaries/Win64/../../../Engine/Shaders/LPVInject_GenerateVplLists.usf" 301
"C:/Program Files (x86)/Epic Games/4.10/Engine/Binaries/Win64/../../../Engine/Shaders/LPVClearLists.usf" 302
"C:/Program Files (x86)/Epic Games/4.10/Engine/Binaries/Win64/../../../Engine/Shaders/LPVClear.usf" 303
"C:/Program Files (x86)/Epic Games/4.10/Engine/Binaries/Win64/../../../Engine/Shaders/LightMapDensityShader.usf" 304
"C:/Program Files (x86)/Epic Games/4.10/Engine/Binaries/Win64/../../../Engine/Shaders/LightFunctionPixelShader.usf" 305
"C:/Program Files (x86)/Epic Games/4.10/Engine/Binaries/Win64/../../../Engine/Shaders/LightFunctionVertexShader.usf" 306
"C:/Program Files (x86)/Epic Games/4.10/Engine/Binaries/Win64/../../../Engine/Shaders/HeightfieldLighting.usf" 307
"C:/Program Files (x86)/Epic Games/4.10/Engine/Binaries/Win64/../../../Engine/Shaders/DistanceFieldShadowingShared.usf" 308
"C:/Program Files (x86)/Epic Games/4.10/Engine/Binaries/Win64/../../../Engine/Shaders/HdrCustomResolveShaders.usf" 309
"C:/Program Files (x86)/Epic Games/4.10/Engine/Binaries/Win64/../../../Engine/Shaders/GPUBenchmark.usf" 310
"C:/Program Files (x86)/Epic Games/4.10/Engine/Binaries/Win64/../../../Engine/Shaders/GlobalDistanceField.usf" 311
"C:/Program Files (x86)/Epic Games/4.10/Engine/Binaries/Win64/../../../Engine/Shaders/GammaCorrection.usf" 312
"C:/Program Files (x86)/Epic Games/4.10/Engine/Binaries/Win64/../../../Engine/Shaders/BasePassForForwardShadingPixelShader.usf" 313
"C:/Program Files (x86)/Epic Games/4.10/Engine/Binaries/Win64/../../../Engine/Shaders/BasePassForForwardShadingCommon.usf" 314
"C:/Program Files (x86)/Epic Games/4.10/Engine/Binaries/Win64/../../../Engine/Shaders/LightmapCommon.usf" 315
"C:/Program Files (x86)/Epic Games/4.10/Engine/Binaries/Win64/../../../Engine/Shaders/BasePassForForwardShadingVertexShader.usf" 316
"C:/Program Files (x86)/Epic Games/4.10/Engine/Binaries/Win64/../../../Engine/Shaders/HeightFogCommon.usf" 317
"C:/Program Files (x86)/Epic Games/4.10/Engine/Binaries/Win64/../../../Engine/Shaders/HeightFogPixelShader.usf" 318
"C:/Program Files (x86)/Epic Games/4.10/Engine/Binaries/Win64/../../../Engine/Shaders/HeightFogVertexShader.usf" 319
"C:/Program Files (x86)/Epic Games/4.10/Engine/Binaries/Win64/../../../Engine/Shaders/DistortAccumulatePS.usf" 320
"C:/Program Files (x86)/Epic Games/4.10/Engine/Binaries/Win64/../../../Engine/Shaders/DistortAccumulateVS.usf" 321
"C:/Program Files (x86)/Epic Games/4.10/Engine/Binaries/Win64/../../../Engine/Shaders/DistortApplyScreenPS.usf" 322
"C:/Program Files (x86)/Epic Games/4.10/Engine/Binaries/Win64/../../../Engine/Shaders/DistanceFieldSurfaceCacheLighting.usf" 323
"C:/Program Files (x86)/Epic Games/4.10/Engine/Binaries/Win64/../../../Engine/Shaders/SkyLighting.usf" 324
"C:/Program Files (x86)/Epic Games/4.10/Engine/Binaries/Win64/../../../Engine/Shaders/DistanceFieldSurfaceCacheLightingCompute.usf" 325
"C:/Program Files (x86)/Epic Games/4.10/Engine/Binaries/Win64/../../../Engine/Shaders/DistanceFieldShadowing.usf" 326
"C:/Program Files (x86)/Epic Games/4.10/Engine/Binaries/Win64/../../../Engine/Shaders/DistanceFieldScreenGridLighting.usf" 327
"C:/Program Files (x86)/Epic Games/4.10/Engine/Binaries/Win64/../../../Engine/Shaders/DistanceFieldLightingPost.usf" 328
"C:/Program Files (x86)/Epic Games/4.10/Engine/Binaries/Win64/../../../Engine/Shaders/DistanceFieldGlobalIllumination.usf" 329
"C:/Program Files (x86)/Epic Games/4.10/Engine/Binaries/Win64/../../../Engine/Shaders/DepthOnlyPixelShader.usf" 330
"C:/Program Files (x86)/Epic Games/4.10/Engine/Binaries/Win64/../../../Engine/Shaders/DepthOnlyVertexShader.usf" 331
"C:/Program Files (x86)/Epic Games/4.10/Engine/Binaries/Win64/../../../Engine/Shaders/PositionOnlyDepthVertexShader.usf" 332
"C:/Program Files (x86)/Epic Games/4.10/Engine/Binaries/Win64/../../../Engine/Shaders/DownsampleDepthPixelShader.usf" 333
"C:/Program Files (x86)/Epic Games/4.10/Engine/Binaries/Win64/../../../Engine/Shaders/EvaluateSurfelMaterial.usf" 334
"C:/Program Files (x86)/Epic Games/4.10/Engine/Binaries/Win64/../../../Engine/Shaders/ConvertToUniformMesh.usf" 335
"C:/Program Files (x86)/Epic Games/4.10/Engine/Binaries/Win64/../../../Engine/Shaders/BasePassPixelShader.usf" 336
"C:/Program Files (x86)/Epic Games/4.10/Engine/Binaries/Win64/../../../Engine/Shaders/BasePassCommon.usf" 337
"C:/Program Files (x86)/Epic Games/4.10/Engine/Binaries/Win64/../../../Engine/Shaders/ForEachLight.usf" 338
"C:/Program Files (x86)/Epic Games/4.10/Engine/Binaries/Win64/../../../Engine/Shaders/BasePassVertexShader.usf" 339
"C:/Program Files (x86)/Epic Games/4.10/Engine/Binaries/Win64/../../../Engine/Shaders/BasePassVertexCommon.usf" 340
"C:/Program Files (x86)/Epic Games/4.10/Engine/Binaries/Win64/../../../Engine/Shaders/BasePassTessellationShaders.usf" 341
"C:/Program Files (x86)/Epic Games/4.10/Engine/Binaries/Win64/../../../Engine/Shaders/AtmospherePrecompute.usf" 342
"C:/Program Files (x86)/Epic Games/4.10/Engine/Binaries/Win64/../../../Engine/Shaders/AtmospherePrecomputeCommon.usf" 343
"C:/Program Files (x86)/Epic Games/4.10/Engine/Binaries/Win64/../../../Engine/Shaders/AtmospherePrecomputeInscatter.usf" 344
"C:/Program Files (x86)/Epic Games/4.10/Engine/Binaries/Win64/../../../Engine/Shaders/AtmosphericFogShader.usf" 345
"C:/Program Files (x86)/Epic Games/4.10/Engine/Binaries/Win64/../../../Engine/Shaders/ResolveVertexShader.usf" 346
"C:/Program Files (x86)/Epic Games/4.10/Engine/Binaries/Win64/../../../Engine/Shaders/ResolvePixelShader.usf" 347
"C:/Program Files (x86)/Epic Games/4.10/Engine/Binaries/Win64/../../../Engine/Shaders/OneColorShader.usf" 348
"C:/Program Files (x86)/Epic Games/4.10/Engine/Binaries/Win64/../../../Engine/Shaders/MediaShaders.usf" 349
"C:/Program Files (x86)/Epic Games/4.10/Engine/Binaries/Win64/../../../Engine/Shaders/ClearReplacementShaders.usf" 350
"C:/Program Files (x86)/Epic Games/4.10/Engine/Binaries/Win64/../../../Engine/Shaders/SimpleElementTexture2DPreviewPixelShader.usf" 351
"C:/Program Files (x86)/Epic Games/4.10/Engine/Binaries/Win64/../../../Engine/Shaders/SimpleElementNormalMapPixelShader.usf" 352
"C:/Program Files (x86)/Epic Games/4.10/Engine/Binaries/Win64/../../../Engine/Shaders/meshpaintdilatepixelshader.usf" 353
"C:/Program Files (x86)/Epic Games/4.10/Engine/Binaries/Win64/../../../Engine/Shaders/meshpaintdilatevertexshader.usf" 354
"C:/Program Files (x86)/Epic Games/4.10/Engine/Binaries/Win64/../../../Engine/Shaders/MeshPaintPixelShader.usf" 355
"C:/Program Files (x86)/Epic Games/4.10/Engine/Binaries/Win64/../../../Engine/Shaders/MeshPaintVertexShader.usf" 356
"../../../Engine/Config/Android/AndroidEngine.ini" 357
"../../../Engine/Config/IOS/IOSEngine.ini" 358
"../../../Engine/Config/Linux/LinuxEngine.ini" 359
"C:/Users/angel/AppData/Local/UnrealEngine/4.10/DerivedDataCache/Boot.ddc" 360
"../../../Engine/DerivedDataCache/Compressed.ddp" 361
"../../../Engine/Content/EngineFonts/Roboto.uasset" 362
"../../../Engine/Content/EngineMaterials/Widget3DPassThrough_Translucent.uasset" 363
"../../../Engine/Content/EngineMaterials/Widget3DPassThrough.uasset" 364
"../../../Engine/Content/Functions/Engine_MaterialFunctions02/Texturing/ScreenAlignedUVs.uasset" 365
"../../../Engine/Content/EngineResources/WhiteSquareTexture.uasset" 366
"../../../Engine/Content/Functions/Engine_MaterialFunctions01/Shading/PowerToRoughness.uasset" 367
"../../../Engine/Content/Functions/Engine_MaterialFunctions01/Shading/ConvertFromDiffSpec.uasset" 368
"../../../Engine/Content/EngineMaterials/WorldGridMaterial.uasset" 369
"../../../Engine/Content/Functions/Engine_MaterialFunctions01/Opacity/CameraDepthFade.uasset" 370
"../../../Engine/Content/EngineMaterials/T_Default_Material_Grid_M.uasset" 371
"../../../Engine/Content/EngineMaterials/T_Default_Material_Grid_N.uasset" 372
"../../../Engine/Content/EngineMaterials/DefaultDeferredDecalMaterial.uasset" 373
"../../../Engine/Content/EngineMaterials/DefaultDiffuse.uasset" 374
"../../../Engine/Content/EngineMaterials/DefaultLightFunctionMaterial.uasset" 375
"../../../Engine/Content/EngineMaterials/DefaultPostProcessMaterial.uasset" 376
"../../../Engine/Content/Functions/Engine_MaterialFunctions02/Utility/BreakOutFloat2Components.uasset" 377
"../../../Engine/Content/EngineResources/DefaultTexture.uasset" 378
"../../../Engine/Content/EngineMaterials/Widget3DPassThrough_Translucent_OneSided.uasset" 379
"../../../Engine/Content/EngineMaterials/Widget3DPassThrough_Opaque.uasset" 380
"../../../Engine/Content/EngineMaterials/Widget3DPassThrough_Opaque_OneSided.uasset" 381
"../../../Engine/Content/EngineMaterials/Widget3DPassThrough_Masked.uasset" 382
"../../../Engine/Content/EngineMaterials/Widget3DPassThrough_Masked_OneSided.uasset" 383
"../../../Engine/Content/EditorResources/S_Actor.uasset" 384
"C:/Users/angel/Documents/Unreal Projects/2DParkourRunner/Saved/Config/Windows/TemplateDefs.ini" 385
"../../../../../../Users/angel/Documents/Unreal Projects/2DParkourRunner/Intermediate/Config/CoalescedSourceConfigs/TemplateDefs.ini" 386
"C:/Users/angel/Documents/Unreal Projects/2DParkourRunner/Saved/Config/Windows/GameplayTags.ini" 387
"../../../../../../Users/angel/Documents/Unreal Projects/2DParkourRunner/Intermediate/Config/CoalescedSourceConfigs/GameplayTags.ini" 388
"../../../Engine/Content/Maps/Templates/Thumbnails/Default.uasset" 389
"../../../Engine/Content/EditorMaterials/ParticleSystems/PSysThumbnail_NoImage.uasset" 390
"../../../Engine/Content/EditorMaterials/ParticleSystems/PSysThumbnail_OOD.uasset" 391
"../../../Engine/Content/EditorLandscapeResources/DataLayer.uasset" 392
"../../../Engine/Content/EngineDamageTypes/DmgTypeBP_Environmental.uasset" 393
"..\..\..\Engine\Content\Internationalization\icudt53l\numberingSystems.res" 394
"..\..\..\Engine\Content\Internationalization\icudt53l\curr\supplementalData.res" 395
"..\..\..\Engine\Content\Internationalization\icudt53l\curr\pool.res" 396
"..\..\..\Engine\Content\Internationalization\icudt53l\curr\en.res" 397
"..\..\..\Engine\Content\Internationalization\icudt53l\curr\root.res" 398
"../../../Engine/Content/EngineMeshes/Sphere.uasset" 399
"../../../Engine/Content/EngineFonts/RobotoDistanceField.uasset" 400
"../../../Engine/Content/EngineMaterials/DefaultTextMaterialOpaque.uasset" 401
"../../../Engine/Content/EditorResources/S_Trigger.uasset" 402
"../../../Engine/Content/EngineResources/GradientTexture0.uasset" 403
"../../../Engine/Content/EngineResources/Black.uasset" 404
"../../../Engine/Content/EditorMaterials/MatineeGroups/MAT_Groups_Float.uasset" 405
"../../../Engine/Content/EditorMaterials/MatineeGroups/MAT_Groups_Director.uasset" 406
"../../../Engine/Content/EditorMaterials/MatineeGroups/MAT_Groups_Event.uasset" 407
"../../../Engine/Content/EditorMaterials/MatineeGroups/MAT_Groups_Anim.uasset" 408
"../../../Engine/Content/EditorMaterials/MatineeGroups/MAT_Groups_Fade.uasset" 409
"../../../Engine/Content/EditorMaterials/MatineeGroups/MAT_Groups_Move.uasset" 410
"../../../Engine/Content/EditorMaterials/MatineeGroups/MAT_Groups_Slomo.uasset" 411
"../../../Engine/Content/EditorMaterials/MatineeGroups/MAT_ColorTrack.uasset" 412
"../../../Engine/Content/EditorMaterials/MAT_Groups_Toggle.uasset" 413
"../../../Engine/Content/EditorMaterials/MatineeGroups/MAT_Groups_AudioMaster.uasset" 414
"../../../Engine/Content/EditorMaterials/MatineeGroups/MAT_Groups_Sound.uasset" 415
"../../../Engine/Content/EditorMaterials/MatineeGroups/MAT_Groups_Vector.uasset" 416
"../../../Engine/Content/EditorMaterials/MAT_Groups_Visibility.uasset" 417
"../../../Engine/Content/EngineResources/DefaultTextureCube.uasset" 418
"../../../Engine/Content/EngineSounds/Master.uasset" 419
"../../../Engine/Content/EngineSounds/Music.uasset" 420
"../../../Engine/Content/EngineSounds/SFX.uasset" 421
"../../../Engine/Content/EngineSounds/Normal_Attack.uasset" 422
"../../../Engine/Content/EngineSounds/Special_Attack_PSM.uasset" 423
"../../../Engine/Content/EngineSounds/Duck_Normal_Attack_MixMod.uasset" 424
"../../../Engine/Content/EngineSounds/Voice.uasset" 425
"../../../Engine/Content/EngineMeshes/Cylinder.uasset" 426
"../../../Engine/Content/EngineMaterials/DefaultMaterial.uasset" 427
"../../../Engine/Content/EngineTireTypes/DefaultTireType.uasset" 428
"../../../Engine/Content/Editor/Slate/Fonts/FontAwesome.ttf" 429
"../../../Engine/Content/Editor/Slate/Fonts/DroidSansMono.ttf" 430
"../../../Engine/Content/Editor/Slate/Fonts/Roboto-BoldCondensed.ttf" 431
"../../../Engine/Content/Editor/Slate/Fonts/Roboto-Black.ttf" 432
"../../../Engine/Content/Editor/Slate/Fonts/Roboto-Italic.ttf" 433
"../../../Engine/Content/Editor/Slate/Fonts/Roboto-BoldCondensedItalic.ttf" 434
"..\..\..\Engine\Content\Internationalization\icudt53l\coll\ucadata.icu" 435
"..\..\..\Engine\Content\Internationalization\icudt53l\nfc.nrm" 436
"..\..\..\Engine\Content\Internationalization\icudt53l\coll\en_US.res" 437
"..\..\..\Engine\Content\Internationalization\icudt53l\coll\en.res" 438
"..\..\..\Engine\Content\Internationalization\icudt53l\coll\root.res" 439
"../../../Engine/Content/EngineResources/AICON-Red.uasset" 440
"../../../Engine/Content/EngineResources/AICON-Green.uasset" 441
"../../../Engine/Content/Tutorial/Basics/LevelEditorAttract.uasset" 442
"../../../Engine/Content/Tutorial/Basics/LevelEditorOverview.uasset" 443
"../../../Engine/Content/Tutorial/Basics/TutorialAssets/icon_tab_Levels_40x.uasset" 444
"../../../Engine/Content/Tutorial/BlueprintTutorials/BlueprintEditorTutorial.uasset" 445
"../../../Engine/Content/Tutorial/BlueprintTutorials/TutorialAssets/Blueprint_64x.uasset" 446
"../../../Engine/Content/Tutorial/ContentIntroCurve.uasset" 447
"../../../Engine/Plugins/2D/Paper2D/Content/MaskedUnlitSpriteMaterial.uasset" 448
"../../../Engine/Plugins/2D/Paper2D/Content/DefaultSpriteMaterial.uasset" 449
"../../../Engine/Plugins/2D/Paper2D/Content/PlaceholderTextures/DummySpriteTexture.uasset" 450
"../../../Engine/Plugins/2D/Paper2D/Content/OpaqueUnlitSpriteMaterial.uasset" 451
"../../../Engine/Plugins/2D/Paper2D/Content/DefaultPaperTerrainMaterial.uasset" 452
"../../../Engine/Plugins/2D/Paper2D/Content/DummySprite.uasset" 453
"../../../Engine/Plugins/2D/Paper2D/Content/DummySpriteTexture.uasset" 454
"C:/Users/angel/AppData/Local/UnrealEngine/4.10/Saved/Config/Windows/SourceControlSettings.ini" 455
"../../../../../../Users/angel/Documents/Unreal Projects/2DParkourRunner/Intermediate/Config/CoalescedSourceConfigs/SourceControlSettings.ini" 456
"C:/Users/angel/Documents/Unreal Projects/2DParkourRunner/Saved/Config/Windows/SourceControlSettings.ini" 457
"../../../Engine/Plugins/Runtime/LeapMotionController/Content/LM_CapsuleMesh.uasset" 458
"../../../Engine/Plugins/Runtime/LeapMotionController/Content/LM_TorusMesh.uasset" 459
"../../../Engine/Plugins/Runtime/LeapMotionController/Content/LM_HandColor.uasset" 460
"../../../Engine/Plugins/Runtime/LeapMotionController/Content/LM_PassthroughMaterial.uasset" 461
"../../../Engine/Plugins/Runtime/LeapMotionController/Content/LM_SampleDistortion.uasset" 462
"../../../Engine/Plugins/Runtime/LeapMotionController/Content/LM_TestTexture.uasset" 463
"../../../Engine/Content/BasicShapes/Cube.uasset" 464
"../../../Engine/Content/EngineMaterials/RemoveSurfaceMaterial.uasset" 465
"../../../Engine/Content/EngineDebugMaterials/DebugMeshMaterial.uasset" 466
"../../../Engine/Content/EngineMaterials/M_InvalidLightmapSettings.uasset" 467
"../../../Engine/Content/EngineMaterials/InvalidLightmapSettings.uasset" 468
"../../../Engine/Content/EditorMaterials/GizmoMaterial.uasset" 469
"../../../Engine/Content/EngineMaterials/Good64x64TilingNoiseHighFreq.uasset" 470
"../../../Engine/Content/EngineMaterials/DefaultBokeh.uasset" 471
"../../../Engine/Content/EngineMaterials/PreintegratedSkinBRDF.uasset" 472
"../../../Engine/Content/EngineMaterials/MiniFont.uasset" 473
"../../../Engine/Content/EngineMaterials/WeightMapPlaceholderTexture.uasset" 474
"../../../Engine/Content/EngineMaterials/DefaultWhiteGrid.uasset" 475
"../../../Engine/Content/EngineMaterials/DefaultPhysicalMaterial.uasset" 476
"../../../Engine/Content/EngineFonts/RobotoTiny.uasset" 477
"../../../../../../Users/angel/Documents/Unreal Projects/2DParkourRunner/Intermediate/CachedAssetRegistry.bin" 478
"../../../../../../Users/angel/Documents/Unreal Projects/2DParkourRunner/Saved/Autosaves/Game/2DSideScrollerBP/Blueprints/2DSideScrollerCharacter_Auto7.uasset" 479
"../../../../../../Users/angel/Documents/Unreal Projects/2DParkourRunner/Saved/Autosaves/Game/2DSideScrollerBP/Maps/2DSideScrollerExampleMap_Auto7.umap" 480
"C:/Users/angel/Documents/Unreal Projects/2DParkourRunner/Saved/Cooked/Android_ETC1/Runny/CookedIniVersion.txt" 481
"../../../Engine/Config/HTML5/HTML5Engine.ini" 482
"../../../Engine/Content/MobileResources/HUD/VirtualJoystick_Thumb.uasset" 483
"../../../../../../Users/angel/Documents/Unreal Projects/2DParkourRunner/Content/2DSideScrollerBP/Blueprints/2DSideScrollerGameMode.uasset" 484
"../../../../../../Users/angel/Documents/Unreal Projects/2DParkourRunner/Content/2DSideScrollerBP/Blueprints/2DSideScrollerCharacter.uasset" 485
"../../../Engine/Content/EditorBlueprintResources/StandardMacros.uasset" 486
"../../../../../../Users/angel/Documents/Unreal Projects/2DParkourRunner/Content/2DSideScroller/Sprites/IdleAnimation.uasset" 487
"../../../../../../Users/angel/Documents/Unreal Projects/2DParkourRunner/Content/2dSideScroller/Sprites/IdleFrames/IdleCycle1.uasset" 488
"../../../../../../Users/angel/Documents/Unreal Projects/2DParkourRunner/Content/2dSideScroller/Textures/2DCharacter_IdleAnimAtlas.uasset" 489
"../../../../../../Users/angel/Documents/Unreal Projects/2DParkourRunner/Content/2dSideScroller/Sprites/IdleFrames/IdleCycle2.uasset" 490
"../../../../../../Users/angel/Documents/Unreal Projects/2DParkourRunner/Content/2dSideScroller/Sprites/IdleFrames/IdleCycle3.uasset" 491
"../../../../../../Users/angel/Documents/Unreal Projects/2DParkourRunner/Content/2dSideScroller/Sprites/IdleFrames/IdleCycle4.uasset" 492
"../../../../../../Users/angel/Documents/Unreal Projects/2DParkourRunner/Content/2dSideScroller/Sprites/IdleFrames/IdleCycle5.uasset" 493
"../../../../../../Users/angel/Documents/Unreal Projects/2DParkourRunner/Content/2dSideScroller/Sprites/IdleFrames/IdleCycle6.uasset" 494
"../../../../../../Users/angel/Documents/Unreal Projects/2DParkourRunner/Content/2dSideScroller/Sprites/IdleFrames/IdleCycle7.uasset" 495
"../../../../../../Users/angel/Documents/Unreal Projects/2DParkourRunner/Content/2dSideScroller/Sprites/IdleFrames/IdleCycle8.uasset" 496
"../../../../../../Users/angel/Documents/Unreal Projects/2DParkourRunner/Content/2DSideScroller/Sprites/RunningAnimation.uasset" 497
"../../../../../../Users/angel/Documents/Unreal Projects/2DParkourRunner/Content/2dSideScroller/Sprites/RunFrames/RunCycle_1.uasset" 498
"../../../../../../Users/angel/Documents/Unreal Projects/2DParkourRunner/Content/2dSideScroller/Textures/2DCharacter_RunAnimAtlas.uasset" 499
"../../../../../../Users/angel/Documents/Unreal Projects/2DParkourRunner/Content/2dSideScroller/Sprites/RunFrames/RunCycle_10.uasset" 500
"../../../../../../Users/angel/Documents/Unreal Projects/2DParkourRunner/Content/2dSideScroller/Sprites/RunFrames/RunCycle_11.uasset" 501
"../../../../../../Users/angel/Documents/Unreal Projects/2DParkourRunner/Content/2dSideScroller/Sprites/RunFrames/RunCycle_12.uasset" 502
"../../../../../../Users/angel/Documents/Unreal Projects/2DParkourRunner/Content/2dSideScroller/Sprites/RunFrames/RunCycle_13.uasset" 503
"../../../../../../Users/angel/Documents/Unreal Projects/2DParkourRunner/Content/2dSideScroller/Sprites/RunFrames/RunCycle_14.uasset" 504
"../../../../../../Users/angel/Documents/Unreal Projects/2DParkourRunner/Content/2dSideScroller/Sprites/RunFrames/RunCycle_15.uasset" 505
"../../../../../../Users/angel/Documents/Unreal Projects/2DParkourRunner/Content/2dSideScroller/Sprites/RunFrames/RunCycle_16.uasset" 506
"../../../../../../Users/angel/Documents/Unreal Projects/2DParkourRunner/Content/2dSideScroller/Sprites/RunFrames/RunCycle_2.uasset" 507
"../../../../../../Users/angel/Documents/Unreal Projects/2DParkourRunner/Content/2dSideScroller/Sprites/RunFrames/RunCycle_3.uasset" 508
"../../../../../../Users/angel/Documents/Unreal Projects/2DParkourRunner/Content/2dSideScroller/Sprites/RunFrames/RunCycle_4.uasset" 509
"../../../../../../Users/angel/Documents/Unreal Projects/2DParkourRunner/Content/2dSideScroller/Sprites/RunFrames/RunCycle_5.uasset" 510
"../../../../../../Users/angel/Documents/Unreal Projects/2DParkourRunner/Content/2dSideScroller/Sprites/RunFrames/RunCycle_6.uasset" 511
"../../../../../../Users/angel/Documents/Unreal Projects/2DParkourRunner/Content/2dSideScroller/Sprites/RunFrames/RunCycle_7.uasset" 512
"../../../../../../Users/angel/Documents/Unreal Projects/2DParkourRunner/Content/2dSideScroller/Sprites/RunFrames/RunCycle_8.uasset" 513
"../../../../../../Users/angel/Documents/Unreal Projects/2DParkourRunner/Content/2dSideScroller/Sprites/RunFrames/RunCycle_9.uasset" 514
"../../../Engine/Content/EditorResources/BSPVertex.uasset" 515
"../../../Engine/Content/EngineDebugMaterials/GeomMaterial.uasset" 516
"C:/Users/angel/AppData/Local/UnrealEngine/Common/DerivedDataCache/3/2/0/MATSM_984AFA3849534FAA8491540B994BD32E_GLSL_ES2_3857__BC5N_DEV_SL_NODBUFE7AF19__7A09DFD624489F862CA8B6CF7E7DF31D927AB329.udd" 517
"../../../Engine/Content/EngineDebugMaterials/BoneWeightMaterial.uasset" 518
"../../../Engine/Content/EngineDebugMaterials/HeatmapGradient.uasset" 519
"C:/Users/angel/AppData/Local/UnrealEngine/Common/DerivedDataCache/9/5/4/MATSM_984AFA3849534FAA8491540B994BD32E_GLSL_ES2_3857__BC5N_DEV_SL_NODBUF32DBCB__6FDECC22E8544E9F7B78568E43D2CD65967340A4.udd" 520
"../../../Engine/Content/EditorMaterials/PhAT_JointLimitMaterial.uasset" 521
"C:/Users/angel/AppData/Local/UnrealEngine/Common/DerivedDataCache/9/8/2/MATSM_984AFA3849534FAA8491540B994BD32E_GLSL_ES2_3857__BC5N_DEV_SL_NODBUFCA0E6D__4928FB42B0E77D16B7391CEC7447D388FDD65C90.udd" 522
"../../../Engine/Content/EditorMaterials/PreviewShadowIndicatorMaterial.uasset" 523
"../../../Engine/Content/EditorMaterials/PreviewShadowIndicator.uasset" 524
"../../../Engine/Content/EngineMaterials/EditorBrushMaterial.uasset" 525
"C:/Users/angel/AppData/Local/UnrealEngine/Common/DerivedDataCache/4/4/6/MATSM_984AFA3849534FAA8491540B994BD32E_GLSL_ES2_3857__BC5N_DEV_SL_NODBUFBA2C52__0B72ECF0DEA96E07BB53F706F17D86B20EB022DC.udd" 526
"../../../Engine/Content/EditorMeshes/ColorCalibrator/SM_ColorCalibrator.uasset" 527
"../../../Engine/Content/EditorMeshes/ColorCalibrator/M_ChromeBall.uasset" 528
"../../../Engine/Content/EditorMeshes/ColorCalibrator/M_ClearCoat.uasset" 529
"../../../Engine/Content/EditorMeshes/ColorCalibrator/M_ClearCoatBlack.uasset" 530
"../../../Engine/Content/EditorMeshes/ColorCalibrator/M_ColorGrid.uasset" 531
"../../../Engine/Content/EditorMeshes/ColorCalibrator/T_ColorGrid.uasset" 532
"../../../Engine/Content/EditorMeshes/ColorCalibrator/M_GreyBall.uasset" 533
"C:/Users/angel/AppData/Local/UnrealEngine/Common/DerivedDataCache/3/6/4/MATSM_984AFA3849534FAA8491540B994BD32E_GLSL_ES2_3857__BC5N_DEV_SL_NODBUFE7FC03__58F7887BED484C4FB87AF7F12E807CF7B23BDB89.udd" 534
"C:/Users/angel/AppData/Local/UnrealEngine/Common/DerivedDataCache/3/2/1/MATSM_984AFA3849534FAA8491540B994BD32E_GLSL_ES2_3857__BC5N_DEV_SL_NODBUFECFD70__4130FCFA4DFD94DA9D59EB727E14DFDB24BE1D16.udd" 535
"C:/Users/angel/AppData/Local/UnrealEngine/Common/DerivedDataCache/2/6/1/MATSM_984AFA3849534FAA8491540B994BD32E_GLSL_ES2_3857__BC5N_DEV_SL_NODBUF7DD52D__E07633E7DB6862C5B05ED03285383912FC247FF4.udd" 536
"C:/Users/angel/AppData/Local/UnrealEngine/Common/DerivedDataCache/9/4/6/MATSM_984AFA3849534FAA8491540B994BD32E_GLSL_ES2_3857__BC5N_DEV_SL_NODBUFCA17AC__5B6C71DAC9BE365ABF36CBE114F983D775489187.udd" 537
"C:/Users/angel/AppData/Local/UnrealEngine/Common/DerivedDataCache/3/7/4/MATSM_984AFA3849534FAA8491540B994BD32E_GLSL_ES2_3857__BC5N_DEV_SL_NODBUFC9EC73__DE92DED470629DAE5C794CA43D0A468EB7F36261.udd" 538
"../../../Engine/Content/MobileResources/HUD/LeftVirtualJoystickOnly.uasset" 539
"../../../Engine/Content/MobileResources/HUD/VirtualJoystick_Background.uasset" 540
"../../../Engine/Content/Tutorial/SubEditors/TutorialAssets/icon_Editor_Preferences_General_40x.uasset" 541
"../../../Engine/Content/Tutorial/Paper2D/TutorialAssets/Paper2DSprite_TutorialIcon.uasset" 542
"../../../Engine/Content/Tutorial/SubEditors/TutorialAssets/icon_ShowSkeletalMeshes_40x.uasset" 543
"../../../Engine/Content/Tutorial/Landscape/TutorialAssets/Landscape.uasset" 544
"../../../Engine/Content/Tutorial/Foliage/TutorialAssets/Foliage.uasset" 545
"../../../Engine/Content/Tutorial/SubEditors/StaticMeshEditorTutorial.uasset" 546
"../../../Engine/Content/EngineMeshes/Cube.uasset" 547
"../../../Engine/Content/Tutorial/BlueprintTutorials/BlueprintMacroLibrariesEditorOverview.uasset" 548
"../../../Engine/Content/Tutorial/BlueprintTutorials/TutorialAssets/BlueprintMacroLibrary_64x.uasset" 549
"../../../Engine/Content/Tutorial/BlueprintTutorials/TutorialAssets/Tutorial_BP_MacroLib.uasset" 550
"../../../Engine/Content/Tutorial/BlueprintTutorials/BlueprintInterfacesEditorOverview.uasset" 551
"../../../Engine/Content/Tutorial/BlueprintTutorials/TutorialAssets/BlueprintInterface_64x.uasset" 552
"../../../Engine/Content/Tutorial/BlueprintTutorials/TutorialAssets/Tutorial_BP_Interface.uasset" 553
"../../../Engine/Content/Tutorial/BlueprintTutorials/LevelBlueprintEditorOverview.uasset" 554
"../../../Engine/Content/Tutorial/SubEditors/DestructibleMeshEditorTutorial.uasset" 555
"../../../Engine/Content/Tutorial/SubEditors/TutorialAssets/Tutorial_DM.uasset" 556
"../../../Engine/Content/EditorMeshes/EditorCube.uasset" 557
"../../../Engine/Content/Tutorial/SubEditors/MaterialEditorTutorial.uasset" 558
"../../../Engine/Content/Tutorial/SubEditors/TutorialAssets/TutorialMaterial.uasset" 559
"C:/Users/angel/AppData/Local/UnrealEngine/Common/DerivedDataCache/1/0/0/MATSM_984AFA3849534FAA8491540B994BD32E_GLSL_ES2_3857__BC5N_DEV_SL_NODBUFD4CBC3__A7B9A1B3A4477E165A134A757A6D80541F150684.udd" 560
"../../../Engine/Content/Tutorial/SubEditors/ParticleSystemEditorTutorial.uasset" 561
"../../../Engine/Content/Tutorial/SubEditors/TutorialAssets/TutorialParticleSystem.uasset" 562
"../../../Engine/Content/Tutorial/SubEditors/TutorialAssets/M_smoke_subUV_blackbody.uasset" 563
"../../../Engine/Content/Tutorial/SubEditors/TutorialAssets/T_SmokeSubUV_8X8.uasset" 564
"../../../Engine/Content/Tutorial/SubEditors/TutorialAssets/T_soft_smoke.uasset" 565
"C:/Users/angel/AppData/Local/UnrealEngine/Common/DerivedDataCache/7/4/8/MATSM_984AFA3849534FAA8491540B994BD32E_GLSL_ES2_3857__BC5N_DEV_SL_NODBUF81623A__B1F981C35B4F76B74E00CD40948B2BDABA2AEE7A.udd" 566
"../../../Engine/Content/Tutorial/SubEditors/PersonaAnimEditorWalkThrough.uasset" 567
"../../../Engine/Content/Tutorial/SubEditors/TutorialAssets/Character/NewBlendSpace1D.uasset" 568
"../../../Engine/Content/Tutorial/SubEditors/TutorialAssets/Character/Tutorial_Idle.uasset" 569
"../../../Engine/Content/Tutorial/SubEditors/TutorialAssets/Character/TutorialTPP_Skeleton.uasset" 570
"../../../Engine/Content/Tutorial/SubEditors/TutorialAssets/Character/Tutorial_Walk_Fwd.uasset" 571
"../../../Engine/Content/Tutorial/SubEditors/TutorialAssets/Character/TutorialTPP.uasset" 572
"../../../Engine/Content/Tutorial/SubEditors/TutorialAssets/Character/TutorialTPP_Mat.uasset" 573
"../../../Engine/Content/Tutorial/SubEditors/TutorialAssets/Character/TutorialTPP_PhysicsAsset.uasset" 574
"C:/Users/angel/AppData/Local/UnrealEngine/Common/DerivedDataCache/0/7/9/MATSM_984AFA3849534FAA8491540B994BD32E_GLSL_ES2_3857__BC5N_DEV_SL_NODBUF9F95EF__1EDBC0CFC2691E0EA8CDE42C1BD5E8E5F8E8E181.udd" 575
"../../../Engine/Content/Tutorial/SubEditors/PersonaAnimBlueprintEditorWalkthrough.uasset" 576
"../../../Engine/Content/Tutorial/SubEditors/TutorialAssets/Character/TutorialTPP_AnimBlueprint.uasset" 577
"../../../Engine/Content/Tutorial/SubEditors/TutorialAssets/Character/TutorialCharacter.uasset" 578
"../../../Engine/Content/Tutorial/Paper2D/SpriteEditorTutorial.uasset" 579
"../../../Engine/Content/Tutorial/Paper2D/FlipbookEditorTutorial.uasset" 580
"../../../Engine/Content/Tutorial/Paper2D/TutorialAssets/Paper2DFlipbook_TutorialIcon.uasset" 581
"../../../Engine/Content/Tutorial/Landscape/Landscape_Manage_Mode.uasset" 582
"../../../Engine/Content/Tutorial/Landscape/Landscape_Sculpt_Mode.uasset" 583
"../../../Engine/Content/Tutorial/Landscape/Landscape_Painting_Mode.uasset" 584
"../../../Engine/Content/Tutorial/Foliage/Foliage_Intro_Tutorial.uasset" 585
"../../../Engine/Content/Tutorial/Foliage/Foliage_Using_The_Tool_Tutorial.uasset" 586
"../../../Engine/Content/Tutorial/Foliage/Foliage_Settings_Tutorial.uasset" 587
"C:/Users/angel/AppData/Local/UnrealEngine/Common/DerivedDataCache/2/6/6/TEXTURE_814DCC3DC72143F49509781513CB9855_AUTOETC1_C45F0F7D439FAD52041B1EBC5A8A__D70A1D3B2335C1EE12B39BC408FA4D616AD2FFF5.udd" 588
"C:/Users/angel/AppData/Local/UnrealEngine/Common/DerivedDataCache/8/3/8/TEXTURE_814DCC3DC72143F49509781513CB9855_AUTOETC1_FDD461EC4EDF5F99C659709B7A42__C8B2C65C1BA487E3720800B582FB10D024F07834.udd" 589
"C:/Users/angel/AppData/Local/UnrealEngine/Common/DerivedDataCache/4/0/3/TEXTURE_814DCC3DC72143F49509781513CB9855_AUTOETC1_FDD461EC4EDF5F99C659709B7A42__19EA3428432418391095AD44132692F2B38BD2F4.udd" 590
"C:/Users/angel/AppData/Local/UnrealEngine/Common/DerivedDataCache/6/4/7/TEXTURE_814DCC3DC72143F49509781513CB9855_AUTOETC1_FDD461EC4EDF5F99C659709B7A42__6473E285F185AD6E4A8DC9C4F54ECD5C549CDD28.udd" 591
"C:/Users/angel/AppData/Local/UnrealEngine/Common/DerivedDataCache/9/4/7/TEXTURE_814DCC3DC72143F49509781513CB9855_AUTOETC1_FDD461EC4EDF5F99C659709B7A42__C76E0181F463119C7FE9FA0FAE20677FF9FCF519.udd" 592
"C:/Users/angel/AppData/Local/UnrealEngine/Common/DerivedDataCache/4/9/2/TEXTURE_814DCC3DC72143F49509781513CB9855_AUTOETC1_565E0359430950FA252A118AF852__47DDF168A03789F62D431F2E0EE2547CB04064DB.udd" 593
"C:/Users/angel/AppData/Local/UnrealEngine/Common/DerivedDataCache/3/0/6/TEXTURE_814DCC3DC72143F49509781513CB9855_AUTOETC1_565E0359430950FA252A118AF852__3CDCC7A028AA2DD31E2654D62E4CB3C7A024ED83.udd" 594
"C:/Users/angel/AppData/Local/UnrealEngine/Common/DerivedDataCache/0/2/2/TEXTURE_814DCC3DC72143F49509781513CB9855_AUTOETC1_565E0359430950FA252A118AF852__8EC7AA032E4C03BBD00D6F2854B72A30BB196CFA.udd" 595
"C:/Users/angel/AppData/Local/UnrealEngine/Common/DerivedDataCache/7/0/6/TEXTURE_814DCC3DC72143F49509781513CB9855_AUTOETC1_B21C1AFF42ACD5ADC8C382B3A090__73E9513DEF1A5092C629AB2EDC81757945065356.udd" 596
"C:/Users/angel/AppData/Local/UnrealEngine/Common/DerivedDataCache/9/7/2/TEXTURE_814DCC3DC72143F49509781513CB9855_AUTOETC1_B21C1AFF42ACD5ADC8C382B3A090__35B28E40AA36AED6F18912E02B7C47E3729B4878.udd" 597
"C:/Users/angel/AppData/Local/UnrealEngine/Common/DerivedDataCache/5/0/0/TEXTURE_814DCC3DC72143F49509781513CB9855_AUTOETC1_B21C1AFF42ACD5ADC8C382B3A090__D09FC154CB43670D5B5413A68DE48FD2A0936D7B.udd" 598
"C:/Users/angel/AppData/Local/UnrealEngine/Common/DerivedDataCache/0/7/8/TEXTURE_814DCC3DC72143F49509781513CB9855_AUTOETC1_B21C1AFF42ACD5ADC8C382B3A090__4D323874B4BA3FB581A7B089BDC848D8EE046D70.udd" 599
"C:/Users/angel/AppData/Local/UnrealEngine/Common/DerivedDataCache/1/1/8/TEXTURE_814DCC3DC72143F49509781513CB9855_AUTOETC1_B21C1AFF42ACD5ADC8C382B3A090__E488BD79ECAB7FAFDE59C6A95E6BA28D81D1A567.udd" 600
"C:/Users/angel/AppData/Local/UnrealEngine/Common/DerivedDataCache/2/6/5/TEXTURE_814DCC3DC72143F49509781513CB9855_ETC1_15564967414184874DBCB89C44D5959C__F181D193C1836F7B4D89D3B7424ABEA433F1B8AD.udd" 601
"C:/Users/angel/AppData/Local/UnrealEngine/Common/DerivedDataCache/2/8/3/TEXTURE_814DCC3DC72143F49509781513CB9855_ETC1_15564967414184874DBCB89C44D5959C__D639EA1A4A8E021BA2FC650D98746C5DF6E56DB7.udd" 602
"C:/Users/angel/AppData/Local/UnrealEngine/Common/DerivedDataCache/9/6/9/TEXTURE_814DCC3DC72143F49509781513CB9855_AUTOETC1_55809E694EE7DB292235CC917A5C__B6F822935B2F0FED152AC31CB845D812CD80930A.udd" 603
"C:/Users/angel/AppData/Local/UnrealEngine/Common/DerivedDataCache/3/0/3/TEXTURE_814DCC3DC72143F49509781513CB9855_AUTOETC1_55809E694EE7DB292235CC917A5C__2220EA14812A4680C1DE26E5041E779ED23B8418.udd" 604
"C:/Users/angel/AppData/Local/UnrealEngine/Common/DerivedDataCache/9/2/1/TEXTURE_814DCC3DC72143F49509781513CB9855_AUTOETC1_55809E694EE7DB292235CC917A5C__C2D68B3D30837ED56C8F3B06A26D3F9C8D36DB0A.udd" 605
"C:/Users/angel/AppData/Local/UnrealEngine/Common/DerivedDataCache/1/5/1/TEXTURE_814DCC3DC72143F49509781513CB9855_AUTOETC1_7BC0404946D77A8C093A10AE0677__80810EF16269804675B5137E682BE563649CD249.udd" 606
"C:/Users/angel/AppData/Local/UnrealEngine/Common/DerivedDataCache/5/4/0/TEXTURE_814DCC3DC72143F49509781513CB9855_AUTOETC1_7BC0404946D77A8C093A10AE0677__262B0F33E6004ABD62E4A40B67EF4DC0693DFDAB.udd" 607
"C:/Users/angel/AppData/Local/UnrealEngine/Common/DerivedDataCache/1/7/9/TEXTURE_814DCC3DC72143F49509781513CB9855_AUTOETC1_1EC0B18B47E75959952584B5D8D9__3B99657ABE8CCB80A17BC0EDA79809F9851372F5.udd" 608
"C:/Users/angel/AppData/Local/UnrealEngine/Common/DerivedDataCache/7/9/7/TEXTURE_814DCC3DC72143F49509781513CB9855_AUTOETC1_3D7D3365419CADDBF5E531B12CF1__A65A9AD2572A8898DF7083896F97424138824265.udd" 609
"C:/Users/angel/AppData/Local/UnrealEngine/Common/DerivedDataCache/2/5/0/TEXTURE_814DCC3DC72143F49509781513CB9855_AUTOETC1_3CAC1F094FB87A98E53D7D8A2464__11F17F4AFE525C958306D6EB1AE3CDDD5B6C976D.udd" 610
"C:/Users/angel/AppData/Local/UnrealEngine/Common/DerivedDataCache/4/7/2/TEXTURE_814DCC3DC72143F49509781513CB9855_AUTOETC1_33CBEF834D7D60ED9D58E5940B7B__667CFEF6008FB5FE91D013D1914BEDF59918D273.udd" 611
"C:/Users/angel/AppData/Local/UnrealEngine/Common/DerivedDataCache/9/7/3/TEXTURE_814DCC3DC72143F49509781513CB9855_AUTOETC1_CBF5B13548AB62E6A9ADA387D1FE__F71A258E05ABB167EB02D5C9A22EFDE9E3A9CF81.udd" 612
"C:/Users/angel/AppData/Local/UnrealEngine/Common/DerivedDataCache/1/2/0/TEXTURE_814DCC3DC72143F49509781513CB9855_AUTOETC1_E38B68B34F759D23C6E5CD925E4D__EB951DF5A3DE1A93CBF566895B50594BEAFADF28.udd" 613
"C:/Users/angel/AppData/Local/UnrealEngine/Common/DerivedDataCache/9/9/4/TEXTURE_814DCC3DC72143F49509781513CB9855_AUTOETC1_E55F8197440DD2855E7F4D9816C8__3FF7C93E035F68C82BF95A9B21A379B6D2E9CBF2.udd" 614
"C:/Users/angel/AppData/Local/UnrealEngine/Common/DerivedDataCache/7/4/5/TEXTURE_814DCC3DC72143F49509781513CB9855_AUTOETC1_A6C0C4B74D09BE1A7E2C31B7CA77__84CA448C96071B985EB8A784D7975237DA5C8CF5.udd" 615
"C:/Users/angel/AppData/Local/UnrealEngine/Common/DerivedDataCache/8/1/3/TEXTURE_814DCC3DC72143F49509781513CB9855_AUTOETC1_7D98C11E41884B4A67A497A07B02__44C003669667EF769DC2427B7AF261271ABC4461.udd" 616
"C:/Users/angel/AppData/Local/UnrealEngine/Common/DerivedDataCache/3/7/2/TEXTURE_814DCC3DC72143F49509781513CB9855_AUTOETC1_74A80EB64112E46096AE17A812C2__977868BB8B9171E9423A364857926E61F5753E71.udd" 617
"C:/Users/angel/AppData/Local/UnrealEngine/Common/DerivedDataCache/2/8/1/TEXTURE_814DCC3DC72143F49509781513CB9855_AUTOETC1_264ABDF14257816FFA9477A6F6A1__784B23D5DF75369AEC310988ACCAE1B443463AFC.udd" 618
"C:/Users/angel/AppData/Local/UnrealEngine/Common/DerivedDataCache/1/2/0/TEXTURE_814DCC3DC72143F49509781513CB9855_AUTOETC1_025102BB43BBEAC3F07578891938__F3343506669D61017C91AAA12B449FDB45E5C338.udd" 619
"C:/Users/angel/AppData/Local/UnrealEngine/Common/DerivedDataCache/7/7/2/TEXTURE_814DCC3DC72143F49509781513CB9855_AUTOETC1_C55865344733442FBAD7D29E0B65__372F48D3D7135B225E36DC983E15196133E48FD2.udd" 620
"C:/Users/angel/AppData/Local/UnrealEngine/Common/DerivedDataCache/4/1/8/TEXTURE_814DCC3DC72143F49509781513CB9855_AUTOETC1_6A6029554EC6CEDCFFC9E0836D46__557F9EB7EE5FB69FC5FE408311C94B8135BCE13A.udd" 621
"C:/Users/angel/AppData/Local/UnrealEngine/Common/DerivedDataCache/4/7/0/TEXTURE_814DCC3DC72143F49509781513CB9855_ETC1_C349D2FA2A30FC1134357D3272F2DC90__4231A3D6757BBDC8CA3D4984667DB578E2D0C097.udd" 622
"C:/Users/angel/AppData/Local/UnrealEngine/Common/DerivedDataCache/6/6/7/TEXTURE_814DCC3DC72143F49509781513CB9855_AUTOETC1_09053A42486F57C671A2B9B0F627__F613C97CCF19C16E1ABA505EF0F79D3432D8B42E.udd" 623
"C:/Users/angel/AppData/Local/UnrealEngine/Common/DerivedDataCache/4/2/5/TEXTURE_814DCC3DC72143F49509781513CB9855_AUTOETC1_B07BB94C4024838454154883B787__732C88388C05AC238D6E9B9C76CA627331A27C11.udd" 624
"C:/Users/angel/AppData/Local/UnrealEngine/Common/DerivedDataCache/2/8/3/TEXTURE_814DCC3DC72143F49509781513CB9855_AUTOETC1_584A79B6465982423406428F0D77__13B45E301D3369C33C1B4FFEAE67BA250077E01E.udd" 625
"C:/Users/angel/AppData/Local/UnrealEngine/Common/DerivedDataCache/1/7/7/TEXTURE_814DCC3DC72143F49509781513CB9855_AUTOETC1_584A79B6465982423406428F0D77__BDA2BD6F1B52CCA4931B668FF6FA755A23C6BFE4.udd" 626
"C:/Users/angel/AppData/Local/UnrealEngine/Common/DerivedDataCache/7/2/4/TEXTURE_814DCC3DC72143F49509781513CB9855_AUTOETC1_F5B300EB4E4ACA2755332398BF63__297C070DDE8F7FF7257B1B0AFC4D321DC8C6A76F.udd" 627
"C:/Users/angel/AppData/Local/UnrealEngine/Common/DerivedDataCache/0/0/1/TEXTURE_814DCC3DC72143F49509781513CB9855_AUTOETC1_2C8A101D47D0C7AC5EFF01B747F2__C3B8A8B268200822C45CDC6415105668DE3C4EDA.udd" 628
"C:/Users/angel/AppData/Local/UnrealEngine/Common/DerivedDataCache/7/3/9/TEXTURE_814DCC3DC72143F49509781513CB9855_AUTOETC1_2C8A101D47D0C7AC5EFF01B747F2__79676ED14F31D565B7B75346BD20C98FE2C75B87.udd" 629
"C:/Users/angel/AppData/Local/UnrealEngine/Common/DerivedDataCache/0/4/1/TEXTURE_814DCC3DC72143F49509781513CB9855_AUTOETC1_2C8A101D47D0C7AC5EFF01B747F2__9087B17C71CE5AAD606682868FAC7547DC48F95C.udd" 630
"C:/Users/angel/AppData/Local/UnrealEngine/Common/DerivedDataCache/9/0/6/TEXTURE_814DCC3DC72143F49509781513CB9855_AUTOETC1_2C8A101D47D0C7AC5EFF01B747F2__21725D62D49E23AD972B3B28066D5EDAE15FC4A1.udd" 631
"C:/Users/angel/AppData/Local/UnrealEngine/Common/DerivedDataCache/1/2/3/TEXTURE_814DCC3DC72143F49509781513CB9855_AUTOETC1_5075C5404C9665C57F66B49F2C5D__FA6B9CB67A3B9E6CFA8A11F35CCF4CBC103241C7.udd" 632
"C:/Users/angel/AppData/Local/UnrealEngine/Common/DerivedDataCache/3/2/1/TEXTURE_814DCC3DC72143F49509781513CB9855_AUTOETC1_5075C5404C9665C57F66B49F2C5D__25157AE026C48BA8C733E8DFABF17919BA65CA74.udd" 633
"C:/Users/angel/AppData/Local/UnrealEngine/Common/DerivedDataCache/2/5/5/TEXTURE_814DCC3DC72143F49509781513CB9855_AUTOETC1_5075C5404C9665C57F66B49F2C5D__1F738BD666421D1FBB0FAF3B6CF4A871631097D3.udd" 634
"C:/Users/angel/AppData/Local/UnrealEngine/Common/DerivedDataCache/8/0/5/TEXTURE_814DCC3DC72143F49509781513CB9855_AUTOETC1_5075C5404C9665C57F66B49F2C5D__2FC8C6DF9CC9CA632BCF8D7740DC5D7543E3C174.udd" 635
"C:/Users/angel/AppData/Local/UnrealEngine/Common/DerivedDataCache/3/3/4/TEXTURE_814DCC3DC72143F49509781513CB9855_AUTOETC1_B1F6A23D46761DA1743FBE984F9E__919788CAE17711C81A985EA6EA2CE2D6BA423C01.udd" 636
"C:/Users/angel/AppData/Local/UnrealEngine/Common/DerivedDataCache/0/4/0/TEXTURE_814DCC3DC72143F49509781513CB9855_AUTOETC1_95D01D314436990422EF30A4E4FA__F80B9955E93ED4A60A294D3BC305ACB43F70A521.udd" 637
"C:/Users/angel/AppData/Local/UnrealEngine/Common/DerivedDataCache/1/6/0/TEXTURE_814DCC3DC72143F49509781513CB9855_AUTOETC1_95D01D314436990422EF30A4E4FA__C09BC3A9B0D2DF0C378C328F59C00CED1DAA401F.udd" 638
"C:/Users/angel/AppData/Local/UnrealEngine/Common/DerivedDataCache/0/9/6/TEXTURE_814DCC3DC72143F49509781513CB9855_AUTOETC1_6A00F1654C244F95E8B15E9A15BE__6A687B3F117203635CC82CABD2199DE2A112754F.udd" 639
"C:/Users/angel/AppData/Local/UnrealEngine/Common/DerivedDataCache/2/4/1/TEXTURE_814DCC3DC72143F49509781513CB9855_AUTOETC1_A5E28525480F8268BF36ABA7EBDF__D0C4BC60F31DCD3DA4D4792D74D43DF0A29A50BF.udd" 640
"C:/Users/angel/AppData/Local/UnrealEngine/Common/DerivedDataCache/0/4/4/TEXTURE_814DCC3DC72143F49509781513CB9855_AUTOETC1_A5E28525480F8268BF36ABA7EBDF__5C08348D567090A0FD1FA9F5B78B4BB31BD8BFC8.udd" 641
"C:/Users/angel/AppData/Local/UnrealEngine/Common/DerivedDataCache/9/0/4/TEXTURE_814DCC3DC72143F49509781513CB9855_AUTOETC1_A5E28525480F8268BF36ABA7EBDF__A2C544526F565A37D5759A7E98704C1508DC0CFF.udd" 642
"C:/Users/angel/AppData/Local/UnrealEngine/Common/DerivedDataCache/3/6/3/TEXTURE_814DCC3DC72143F49509781513CB9855_AUTOETC1_A5E28525480F8268BF36ABA7EBDF__E8D340F017AAEA3894B107603D947E44593091D4.udd" 643
"C:/Users/angel/AppData/Local/UnrealEngine/Common/DerivedDataCache/1/3/8/TEXTURE_814DCC3DC72143F49509781513CB9855_ETC1_A1C52E6A43A1109B0752B4B5980EA23D__E66C4786213BB04A1F392202AAB98D55FA65D32A.udd" 644
"C:/Users/angel/AppData/Local/UnrealEngine/Common/DerivedDataCache/5/5/3/TEXTURE_814DCC3DC72143F49509781513CB9855_ETC1_A1C52E6A43A1109B0752B4B5980EA23D__5232B3149F96501E8F17AA888BEFFA029B0A86C7.udd" 645
"C:/Users/angel/AppData/Local/UnrealEngine/Common/DerivedDataCache/1/7/9/TEXTURE_814DCC3DC72143F49509781513CB9855_ETC1_A1C52E6A43A1109B0752B4B5980EA23D__70E905FB9F2EA7F704C5BD99FAAA6ACAEE5DD15B.udd" 646
"C:/Users/angel/AppData/Local/UnrealEngine/Common/DerivedDataCache/4/1/3/TEXTURE_814DCC3DC72143F49509781513CB9855_ETC1_A1C52E6A43A1109B0752B4B5980EA23D__E0A09DCE8E3296DAC0AC366BDF2FFAF4319F6D0C.udd" 647
"C:/Users/angel/AppData/Local/UnrealEngine/Common/DerivedDataCache/3/0/6/TEXTURE_814DCC3DC72143F49509781513CB9855_AUTOETC1_3648AA2A4A658DE90371B081D8DC__C41C0CA21DF7F2DD487E711B546A34DD806B40EC.udd" 648
"C:/Users/angel/AppData/Local/UnrealEngine/Common/DerivedDataCache/4/4/1/TEXTURE_814DCC3DC72143F49509781513CB9855_AUTOETC1_3648AA2A4A658DE90371B081D8DC__F732A41DBAB5986B67104D00F2BC2D1D748EE96E.udd" 649
"C:/Users/angel/AppData/Local/UnrealEngine/Common/DerivedDataCache/8/9/4/TEXTURE_814DCC3DC72143F49509781513CB9855_AUTOETC1_3648AA2A4A658DE90371B081D8DC__07AE8E619EDEC8F5E52A7F140A49B3EE19041097.udd" 650
"C:/Users/angel/AppData/Local/UnrealEngine/Common/DerivedDataCache/8/2/4/TEXTURE_814DCC3DC72143F49509781513CB9855_AUTOETC1_3648AA2A4A658DE90371B081D8DC__2FAA2145D18B43083ABCA1139FC1B477FCA7C923.udd" 651
"C:/Users/angel/AppData/Local/UnrealEngine/Common/DerivedDataCache/9/6/4/TEXTURE_814DCC3DC72143F49509781513CB9855_AUTOETC1_3648AA2A4A658DE90371B081D8DC__3175DC16CED16B495BA8E597089682884F4EFDB4.udd" 652
"C:/Users/angel/AppData/Local/UnrealEngine/Common/DerivedDataCache/7/4/0/TEXTURE_814DCC3DC72143F49509781513CB9855_AUTOETC1_91A201FE4781221C42DEDE91696E__6F4E55FCE7C6F2B65676F88176899BD231D46883.udd" 653
"C:/Users/angel/AppData/Local/UnrealEngine/Common/DerivedDataCache/4/0/4/TEXTURE_814DCC3DC72143F49509781513CB9855_AUTOETC1_91A201FE4781221C42DEDE91696E__A9219497DD2300EA3520718E70090DB3A341588D.udd" 654
"C:/Users/angel/AppData/Local/UnrealEngine/Common/DerivedDataCache/2/7/8/TEXTURE_814DCC3DC72143F49509781513CB9855_AUTOETC1_91A201FE4781221C42DEDE91696E__6D57A14CC76E80645EA69083160DE0AD018BB67A.udd" 655
"C:/Users/angel/AppData/Local/UnrealEngine/Common/DerivedDataCache/8/2/2/TEXTURE_814DCC3DC72143F49509781513CB9855_AUTOETC1_91A201FE4781221C42DEDE91696E__5189458CB7E4C4D3ED75CCC82D5ADDDB35A2FA0A.udd" 656
"../../../Engine/Content/MobileResources/HUD/MobileHUDDirectionPad.uasset" 657
"C:/Users/angel/AppData/Local/UnrealEngine/Common/DerivedDataCache/4/6/0/TEXTURE_814DCC3DC72143F49509781513CB9855_AUTOETC1_3F3B1DD44FE006226A690596DBDD__66F5AE46C8F2E764F5080AFDBC85172E38F50134.udd" 658
"C:/Users/angel/AppData/Local/UnrealEngine/Common/DerivedDataCache/8/7/6/TEXTURE_814DCC3DC72143F49509781513CB9855_AUTOETC1_3F3B1DD44FE006226A690596DBDD__22B532777E5D02E8EED5226F60AAE28B8C4FCD52.udd" 659
"../../../../../../Users/angel/Documents/Unreal Projects/2DParkourRunner/Content/2DSideScrollerBP/2DSideScrollerOverview.uasset" 660
"C:/Users/angel/AppData/Local/UnrealEngine/Common/DerivedDataCache/3/0/1/TEXTURE_814DCC3DC72143F49509781513CB9855_AUTOETC1_FE23405F4118F435517F02B56ABF__EAF64FAF9937AFD04F009D066B9508EF220A4B52.udd" 661
"C:/Users/angel/AppData/Local/UnrealEngine/Common/DerivedDataCache/2/1/6/TEXTURE_814DCC3DC72143F49509781513CB9855_AUTOETC1_FE23405F4118F435517F02B56ABF__72C466A551436DCF8F359AA4E9D84E3DFFF9E1B5.udd" 662
"C:/Users/angel/AppData/Local/UnrealEngine/Common/DerivedDataCache/0/3/8/TEXTURE_814DCC3DC72143F49509781513CB9855_AUTOETC1_FE23405F4118F435517F02B56ABF__4DD12E5933D0F6DB9AC385B12659F702A0C13EC0.udd" 663
"C:/Users/angel/AppData/Local/UnrealEngine/Common/DerivedDataCache/4/6/4/TEXTURE_814DCC3DC72143F49509781513CB9855_AUTOETC1_FE23405F4118F435517F02B56ABF__285FA004EBF60E3D7218422AB74F162B206FC474.udd" 664
"C:/Users/angel/AppData/Local/UnrealEngine/Common/DerivedDataCache/4/5/2/TEXTURE_814DCC3DC72143F49509781513CB9855_AUTOETC1_FE23405F4118F435517F02B56ABF__0C8BEC2894E9C9B3802057791F128381394E6906.udd" 665
"../../../../../../Users/angel/Documents/Unreal Projects/2DParkourRunner/Content/2DSideScroller/Sprites/PrototypingSprite.uasset" 666
"../../../../../../Users/angel/Documents/Unreal Projects/2DParkourRunner/Content/2dSideScroller/Materials/PrototypingSpriteMaterial.uasset" 667
"../../../../../../Users/angel/Documents/Unreal Projects/2DParkourRunner/Content/2dSideScroller/Textures/2DBackgroundTile.uasset" 668
"C:/Users/angel/AppData/Local/UnrealEngine/Common/DerivedDataCache/9/8/2/MATSM_984AFA3849534FAA8491540B994BD32E_GLSL_ES2_3857__BC5N_DEV_SL_NODBUF5676B9__2DC8750528D20619ED4793A1342AA78F84D4D606.udd" 669
"../../../../../../Users/angel/Documents/Unreal Projects/2DParkourRunner/Content/2DSideScroller/Sprites/Ledge.uasset" 670
"../../../../../../Users/angel/Documents/Unreal Projects/2DParkourRunner/Content/2dSideScroller/Textures/2DBackgroundBlockAtlas.uasset" 671
"../../../../../../Users/angel/Documents/Unreal Projects/2DParkourRunner/Content/2DSideScroller/Sprites/Background_Sprite.uasset" 672
"../../../../../../Users/angel/Documents/Unreal Projects/2DParkourRunner/Content/2dSideScroller/Textures/2DBackground.uasset" 673
"../../../Engine/Content/MobileResources/HUD/DefaultVirtualJoysticks.uasset" 674
"../../../Engine/Content/MobileResources/HUD/AnalogHat.uasset" 675
"C:/Users/angel/AppData/Local/UnrealEngine/Common/DerivedDataCache/6/8/3/TEXTURE_814DCC3DC72143F49509781513CB9855_AUTOETC1_2E1EE3B14D43A62B84881B8F5AAD__B01E18D73F532638B50DDEDF827FAA1860282136.udd" 676
"../../../../../../Users/angel/Documents/Unreal Projects/2DParkourRunner/Content/2DSideScrollerBP/Maps/2DSideScrollerExampleMap.umap" 677
"../../../Engine/Content/MapTemplates/Bokeh_5Sides.uasset" 678
"../../../Engine/Content/MapTemplates/T_ScreenDirt02_w.uasset" 679
"C:/Users/angel/AppData/Local/UnrealEngine/Common/DerivedDataCache/2/7/9/PHYSX_1D9C17C451EA4FB88CB7A27536A65DB0_PHYSXPC_27FED8D44FB473D609F097A63F0C9CDE__1_0_13123_0.udd" 680
"C:/Users/angel/AppData/Local/UnrealEngine/Common/DerivedDataCache/3/1/9/TEXTURE_814DCC3DC72143F49509781513CB9855_AUTOETC1_201530E545917B09F0A97BB99467__06CB285A74CF98B636309AE7A752D5F398AE094C.udd" 681
"C:/Users/angel/AppData/Local/UnrealEngine/Common/DerivedDataCache/1/0/6/TEXTURE_814DCC3DC72143F49509781513CB9855_AUTOETC1_CCE0A0B44F0E79BB8268D68789D9__F290256C93C3DFF2BF679F9959B63BD463A1DA4D.udd" 682
"C:/Users/angel/AppData/Local/UnrealEngine/Common/DerivedDataCache/5/0/2/TEXTURE_814DCC3DC72143F49509781513CB9855_AUTOETC1_CCE0A0B44F0E79BB8268D68789D9__0459B3EACDC65F712AE38B53CF622A74006A5CF6.udd" 683
"C:/Users/angel/AppData/Local/UnrealEngine/Common/DerivedDataCache/9/2/5/TEXTURE_814DCC3DC72143F49509781513CB9855_AUTOETC1_CCE0A0B44F0E79BB8268D68789D9__5920924BB3288DA552FB94661B409EABB6AB897A.udd" 684
"C:/Users/angel/AppData/Local/UnrealEngine/Common/DerivedDataCache/4/4/0/TEXTURE_814DCC3DC72143F49509781513CB9855_AUTOETC1_CCE0A0B44F0E79BB8268D68789D9__D2905EEA0C4F1F78E5AD60BC39765C6FBFE2B67F.udd" 685
"C:/Users/angel/AppData/Local/UnrealEngine/Common/DerivedDataCache/6/8/2/TEXTURE_814DCC3DC72143F49509781513CB9855_AUTOETC1_CCE0A0B44F0E79BB8268D68789D9__A97EC433618F671572B768139587D2A56CE57B70.udd" 686
"C:/Users/angel/AppData/Local/UnrealEngine/Common/DerivedDataCache/8/6/9/TEXTURE_814DCC3DC72143F49509781513CB9855_AUTOETC1_D1E814BA40821C40AD8995ADAEF3__81A3A2F737A76F8EA35F8FD1F2953AF8AC8FDF9C.udd" 687
"C:/Users/angel/AppData/Local/UnrealEngine/Common/DerivedDataCache/9/3/0/TEXTURE_814DCC3DC72143F49509781513CB9855_AUTOETC1_D1E814BA40821C40AD8995ADAEF3__FE272FE70CF7F7A006DEF30A3901A3C3284CBF06.udd" 688
"C:/Users/angel/AppData/Local/UnrealEngine/Common/DerivedDataCache/0/7/5/TEXTURE_814DCC3DC72143F49509781513CB9855_AUTOETC1_D1E814BA40821C40AD8995ADAEF3__E72433B8288484C9C886A5FAE677C16908D2185D.udd" 689
"../../../Engine/Content/MobileResources/T_MobileControls_texture.uasset" 690
"C:/Users/angel/AppData/Local/UnrealEngine/Common/DerivedDataCache/7/1/1/TEXTURE_814DCC3DC72143F49509781513CB9855_AUTOETC1_119D9D384F916FB5612DEB85B012__F70CE0BF99C3875DF12576A76693DBE123267F4F.udd" 691
"C:/Users/angel/AppData/Local/UnrealEngine/Common/DerivedDataCache/8/8/7/TEXTURE_814DCC3DC72143F49509781513CB9855_AUTOETC1_119D9D384F916FB5612DEB85B012__95D25CF6FD26984769B743186AB1479ECBEA4B78.udd" 692
"C:/Users/angel/AppData/Local/UnrealEngine/Common/DerivedDataCache/1/0/5/TEXTURE_814DCC3DC72143F49509781513CB9855_AUTOETC1_119D9D384F916FB5612DEB85B012__E41DCDAC7622973FEEBF50035A2C3C0FDF03B18C.udd" 693
"C:/Users/angel/AppData/Local/UnrealEngine/Common/DerivedDataCache/6/7/2/TEXTURE_814DCC3DC72143F49509781513CB9855_AUTOETC1_119D9D384F916FB5612DEB85B012__51E9A59B699BD636C2EF33F09BEBF1D2EAEFB259.udd" 694
"../../../Engine/Content/MobileResources/T_MobileMenu2.uasset" 695
"C:/Users/angel/AppData/Local/UnrealEngine/Common/DerivedDataCache/4/7/7/TEXTURE_814DCC3DC72143F49509781513CB9855_AUTOETC1_9F8FBEF84A1997E30FD384955E3D__6A408E1CDF5C92BC25E0CF0FB5311C00E0ECAD1E.udd" 696
"C:/Users/angel/AppData/Local/UnrealEngine/Common/DerivedDataCache/2/2/1/TEXTURE_814DCC3DC72143F49509781513CB9855_AUTOETC1_9F8FBEF84A1997E30FD384955E3D__972FDFAA7168419231780096EBA544B3058A4CE5.udd" 697
"C:/Users/angel/AppData/Local/UnrealEngine/Common/DerivedDataCache/8/0/4/TEXTURE_814DCC3DC72143F49509781513CB9855_AUTOETC1_9F8FBEF84A1997E30FD384955E3D__7B5BBC5F4C8A2D31195DA1BA1E6ABD488583F44F.udd" 698
"C:/Users/angel/AppData/Local/UnrealEngine/Common/DerivedDataCache/2/8/5/TEXTURE_814DCC3DC72143F49509781513CB9855_AUTOETC1_9F8FBEF84A1997E30FD384955E3D__660E5ADE3E286524E73EE0B62E47CA618AB37F96.udd" 699
"C:/Users/angel/AppData/Local/UnrealEngine/Common/DerivedDataCache/5/7/4/TEXTURE_814DCC3DC72143F49509781513CB9855_AUTOETC1_0601A2374DAABCCE4525CC8C1206__6179EC5D441E3349CA63346CC880170049FF5E41.udd" 700
"C:/Users/angel/AppData/Local/UnrealEngine/Common/DerivedDataCache/2/4/1/TEXTURE_814DCC3DC72143F49509781513CB9855_AUTOETC1_0601A2374DAABCCE4525CC8C1206__F92A05F7859B596342CB0E89AFDE791AA131018D.udd" 701
"C:/Users/angel/AppData/Local/UnrealEngine/Common/DerivedDataCache/9/7/4/TEXTURE_814DCC3DC72143F49509781513CB9855_AUTOETC1_0601A2374DAABCCE4525CC8C1206__AD37DECE21FF7B51319441433CA88E924B6772FF.udd" 702
"C:/Users/angel/AppData/Local/UnrealEngine/Common/DerivedDataCache/4/6/6/TEXTURE_814DCC3DC72143F49509781513CB9855_AUTOETC1_0601A2374DAABCCE4525CC8C1206__F89034ABF5C0695BAFA7B91ED0EE8B53BCDABEC2.udd" 703
"C:/Users/angel/AppData/Local/UnrealEngine/Common/DerivedDataCache/0/2/4/TEXTURE_814DCC3DC72143F49509781513CB9855_AUTOETC1_0601A2374DAABCCE4525CC8C1206__AD1F3E6D3558BD29E7435AFD0C25EF7D69E62DCC.udd" 704
"../../../Engine/Content/MobileResources/HUD/MobileHUDButtonFire.uasset" 705
"C:/Users/angel/AppData/Local/UnrealEngine/Common/DerivedDataCache/8/1/3/TEXTURE_814DCC3DC72143F49509781513CB9855_AUTOETC1_C200B7694C3FE53EBCE97592F5F4__C8B33D317BFF80C323CD4B45D509D86A55719B3F.udd" 706
"../../../Engine/Content/Maps/Entry.umap" 707
"../../../Engine/Content/EngineMaterials/DefaultNormal.uasset" 708
"C:/Users/angel/AppData/Local/UnrealEngine/Common/DerivedDataCache/8/5/4/TEXTURE_814DCC3DC72143F49509781513CB9855_AUTOETC1_122003924E39A572EF68B5BAC8A9__13325DD553F218247EE660297591AE69DE54CD80.udd" 709
"C:/Users/angel/AppData/Local/UnrealEngine/Common/DerivedDataCache/7/7/2/TEXTURE_814DCC3DC72143F49509781513CB9855_AUTOETC1_122003924E39A572EF68B5BAC8A9__C892017FB3DDF0F30211697ACD39E63F080707AB.udd" 710
"C:/Users/angel/AppData/Local/UnrealEngine/Common/DerivedDataCache/2/1/4/TEXTURE_814DCC3DC72143F49509781513CB9855_AUTOETC1_122003924E39A572EF68B5BAC8A9__48693624F0E1891D0EE02E5E6C92C5D18B943A57.udd" 711
"C:/Users/angel/AppData/Local/UnrealEngine/Common/DerivedDataCache/6/1/4/TEXTURE_814DCC3DC72143F49509781513CB9855_AUTOETC1_122003924E39A572EF68B5BAC8A9__3FA0A83C3E924472AAFB54217E8BF113653DB397.udd" 712
"C:/Users/angel/AppData/Local/UnrealEngine/Common/DerivedDataCache/7/1/0/TEXTURE_814DCC3DC72143F49509781513CB9855_AUTOETC1_122003924E39A572EF68B5BAC8A9__007921604EBDFA0C7AB7474413FA9C2BB70991A4.udd" 713
"../../../Engine/Content/MobileResources/HUD/MobileHUDButton2_on.uasset" 714
"C:/Users/angel/AppData/Local/UnrealEngine/Common/DerivedDataCache/4/7/6/TEXTURE_814DCC3DC72143F49509781513CB9855_AUTOETC1_80A9E59646847B4846ED6DAF42DF__0C4971E08097B9D18830DF91D757278FB50B2381.udd" 715
"C:/Users/angel/AppData/Local/UnrealEngine/Common/DerivedDataCache/2/7/4/TEXTURE_814DCC3DC72143F49509781513CB9855_AUTOETC1_80A9E59646847B4846ED6DAF42DF__A10033056B082BE1C9D7944F9EF35C3D7F782692.udd" 716
"../../../Engine/Content/MobileResources/HUD/MobileHUDButton2_off.uasset" 717
"C:/Users/angel/AppData/Local/UnrealEngine/Common/DerivedDataCache/6/3/5/TEXTURE_814DCC3DC72143F49509781513CB9855_AUTOETC1_D5542AFE4886708885DF42B1BE8F__2F075057FD006E88F1C937FE7B00E62F4B168B04.udd" 718
"C:/Users/angel/AppData/Local/UnrealEngine/Common/DerivedDataCache/8/2/5/TEXTURE_814DCC3DC72143F49509781513CB9855_AUTOETC1_D5542AFE4886708885DF42B1BE8F__5C4869AC40AB2F84EA55D81F727ED360EC265CFF.udd" 719
"../../../Engine/Content/MobileResources/HUD/MobileHUDButton1_off.uasset" 720
"C:/Users/angel/AppData/Local/UnrealEngine/Common/DerivedDataCache/2/1/2/TEXTURE_814DCC3DC72143F49509781513CB9855_AUTOETC1_5FF2868842E6DED8A4C0CB821719__5B6E2AE7BE2273D3DFD996FF168947D01E0954E3.udd" 721
"../../../Engine/Content/MobileResources/HUD/MobileHUDDirectionStick.uasset" 722
"C:/Users/angel/AppData/Local/UnrealEngine/Common/DerivedDataCache/3/5/3/TEXTURE_814DCC3DC72143F49509781513CB9855_AUTOETC1_8EDAF7A54E378800FEB217863433__CF961769FF928EEADFD63FE3788070AC2503EA81.udd" 723
"../../../Engine/Content/MobileResources/HUD/T_Castle_ThumbstickOutter.uasset" 724
"../../../Engine/Content/MobileResources/HUD/MobileHUDButton3.uasset" 725
"C:/Users/angel/AppData/Local/UnrealEngine/Common/DerivedDataCache/3/8/8/TEXTURE_814DCC3DC72143F49509781513CB9855_AUTOETC1_C49FDA8C4EFE04B87EBA5CB5A57D__3D9BB883A240F2BBA954D3BDF46B92BDDE31C499.udd" 726
"../../../Engine/Content/MobileResources/HUD/MobileHUDButton1_on.uasset" 727
"C:/Users/angel/AppData/Local/UnrealEngine/Common/DerivedDataCache/1/4/4/TEXTURE_814DCC3DC72143F49509781513CB9855_AUTOETC1_7BBBF743419EE004ACC16E9959BC__850B8551A27DDAF3FD4308855DAD15A21F3332BA.udd" 728
"../../../Engine/Content/MobileResources/HUD/T_Castle_ThumbstickInner.uasset" 729
"../../../Engine/Content/MobileResources/HUD/MobileHUDDirectionPad3.uasset" 730
"C:/Users/angel/AppData/Local/UnrealEngine/Common/DerivedDataCache/0/0/3/TEXTURE_814DCC3DC72143F49509781513CB9855_AUTOETC1_C9D41DBE4C754F8B430E7DBADCD4__8EF7BCCA2456BC3B35A7DDB3D88C3A39E1692141.udd" 731
"C:/Users/angel/AppData/Local/UnrealEngine/Common/DerivedDataCache/0/3/8/TEXTURE_814DCC3DC72143F49509781513CB9855_AUTOETC1_C9D41DBE4C754F8B430E7DBADCD4__5CA27630B88BE371EC408DC97EAACC5AD150314C.udd" 732
"C:/Users/angel/AppData/Local/UnrealEngine/Common/DerivedDataCache/5/0/0/TEXTURE_814DCC3DC72143F49509781513CB9855_AUTOETC1_C9D41DBE4C754F8B430E7DBADCD4__99CAE6AB8BA893DCA5FF4606B17BBE43051E2E6B.udd" 733
"../../../Engine/Content/MobileResources/HUD/MobileHUDDirectionPad2.uasset" 734
"C:/Users/angel/AppData/Local/UnrealEngine/Common/DerivedDataCache/0/0/3/TEXTURE_814DCC3DC72143F49509781513CB9855_AUTOETC1_F562DDF94D8D885AE92078A9DD77__856CB919E98933578DFFEC4CFAB62BB14D81E31A.udd" 735
"C:/Users/angel/AppData/Local/UnrealEngine/Common/DerivedDataCache/4/7/5/TEXTURE_814DCC3DC72143F49509781513CB9855_AUTOETC1_F562DDF94D8D885AE92078A9DD77__CFB2C4D30B68C76F3A3646C8D1F261C6851E4430.udd" 736
"C:/Users/angel/AppData/Local/UnrealEngine/Common/DerivedDataCache/8/7/4/TEXTURE_814DCC3DC72143F49509781513CB9855_AUTOETC1_F562DDF94D8D885AE92078A9DD77__11A02FE239E7A8FCF81B0D5EC9C5F9871569D25D.udd" 737
"..\..\..\Engine\Content\Internationalization\icudt53l\windowsZones.res" 738
"..\..\..\Engine\Content\Internationalization\icudt53l\zoneinfo64.res" 739
"..\..\..\Engine\Content\Internationalization\icudt53l\keyTypeData.res" 740
"..\..\..\Engine\Content\Internationalization\icudt53l\timezoneTypes.res" 741
"..\..\..\Engine\Content\Internationalization\icudt53l\supplementalData.res" 742
"..\..\..\Engine\Content\Internationalization\icudt53l\likelySubtags.res" 743
