[2015.12.04-19.57.54:802][  0]Log file open, 12/04/15 13:57:54
[2015.12.04-19.57.54:802][  0]LogInit:Display: Running engine for game: Runny
[2015.12.04-19.57.54:802][  0]LogPlatformFile: Not using cached read wrapper
[2015.12.04-19.57.54:802][  0]LogInit:Display: RandInit(1412081372) SRandInit(1412081374).
[2015.12.04-19.57.54:802][  0]LogTaskGraph: Started task graph with 4 named threads and 8 total threads.
[2015.12.04-19.57.54:802][  0]LogStats: Stats thread started at 0.088146
[2015.12.04-19.57.54:802][  0]LogInit: Version: 4.10.0-2758231+++depot+UE4-Releases+4.10
[2015.12.04-19.57.54:802][  0]LogInit: API Version: 2758231
[2015.12.04-19.57.54:802][  0]LogInit: Compiled (64-bit): Nov  7 2015 05:13:45
[2015.12.04-19.57.54:802][  0]LogInit: Compiled with Visual C++: 19.00.23026.00
[2015.12.04-19.57.54:802][  0]LogInit: Build Configuration: Development
[2015.12.04-19.57.54:802][  0]LogInit: Branch Name: ++depot+UE4-Releases+4.10
[2015.12.04-19.57.54:802][  0]LogInit: Command line: 
[2015.12.04-19.57.54:802][  0]LogInit: Base directory: C:/Program Files (x86)/Epic Games/4.10/Engine/Binaries/Win64/
[2015.12.04-19.57.54:802][  0]LogInit: Rocket: 1
[2015.12.04-19.57.54:808][  0]LogInit: Using libcurl 7.41.0
[2015.12.04-19.57.54:808][  0]LogInit:  - built for x86_64-pc-win32
[2015.12.04-19.57.54:808][  0]LogInit:  - supports SSL with WinSSL
[2015.12.04-19.57.54:808][  0]LogInit:  - other features:
[2015.12.04-19.57.54:808][  0]LogInit:      CURL_VERSION_SSL
[2015.12.04-19.57.54:808][  0]LogInit:      CURL_VERSION_IPV6
[2015.12.04-19.57.54:808][  0]LogInit:      CURL_VERSION_ASYNCHDNS
[2015.12.04-19.57.54:808][  0]LogInit:      CURL_VERSION_LARGEFILE
[2015.12.04-19.57.54:808][  0]LogInit:      CURL_VERSION_IDN
[2015.12.04-19.57.54:808][  0]LogInit:  CurlRequestOptions (configurable via config and command line):
[2015.12.04-19.57.54:808][  0]LogInit:  - bVerifyPeer = true  - Libcurl will verify peer certificate
[2015.12.04-19.57.54:808][  0]LogInit:  - bUseHttpProxy = false  - Libcurl will NOT use HTTP proxy
[2015.12.04-19.57.54:808][  0]LogInit:  - bDontReuseConnections = false  - Libcurl will reuse connections
[2015.12.04-19.57.54:808][  0]LogInit:  - CertBundlePath = nullptr  - Libcurl will use whatever was configured at build time.
[2015.12.04-19.57.54:815][  0]LogInit: Presizing for 0 objects not considered by GC, pre-allocating 0 bytes.
[2015.12.04-19.57.54:822][  0]LogInit: Object subsystem initialized
[2015.12.04-19.57.54:826][  0]LogInit: Selected Device Profile: [Windows]
[2015.12.04-19.57.54:826][  0]LogInit: Applying CVar settings loaded from the selected device profile: [Windows]
[2015.12.04-19.57.54:835][  0]LogInit: Computer: DESKTOP-EK9J3K4
[2015.12.04-19.57.54:835][  0]LogInit: User: angel
[2015.12.04-19.57.54:835][  0]LogInit: CPU Page size=4096, Cores=6
[2015.12.04-19.57.54:835][  0]LogInit: High frequency timer resolution =3.322280 MHz
[2015.12.04-19.57.54:835][  0]LogMemory: Memory total: Physical=7.9GB (8GB approx)
[2015.12.04-19.57.54:835][  0]LogMemory: Platform Memory Stats for Windows
[2015.12.04-19.57.54:835][  0]LogMemory: Process Physical Memory: 56.35 MB used, 56.35 MB peak
[2015.12.04-19.57.54:835][  0]LogMemory: Process Virtual Memory: 57.84 MB used, 57.84 MB peak
[2015.12.04-19.57.54:835][  0]LogMemory: Physical Memory: 4069.75 MB used, 8131.22 MB total
[2015.12.04-19.57.54:835][  0]LogMemory: Virtual Memory: 383.95 MB used, 134217728.00 MB total
[2015.12.04-19.57.54:865][  0]LogTextLocalizationManager: No specific translations for ('en-US') exist, so ('en') translations will be used.
[2015.12.04-19.57.55:291][  0]LogD3D11RHI: Found D3D11 adapter 0: NVIDIA GeForce GTX 780 (Feature Level 11_0)
[2015.12.04-19.57.55:291][  0]LogD3D11RHI: Adapter has 3013MB of dedicated video memory, 0MB of dedicated system memory, and 4065MB of shared system memory, 2 output[s]
[2015.12.04-19.57.55:292][  0]LogD3D11RHI: Found D3D11 adapter 1: Microsoft Basic Render Driver (Feature Level 11_0)
[2015.12.04-19.57.55:292][  0]LogD3D11RHI: Adapter has 0MB of dedicated video memory, 0MB of dedicated system memory, and 4065MB of shared system memory, 0 output[s]
[2015.12.04-19.57.55:292][  0]LogD3D11RHI: Chosen D3D11 Adapter Id = 0
[2015.12.04-19.57.55:296][  0]LogD3D11RHI: !Direct3DDevice
[2015.12.04-19.57.55:296][  0]LogRHI: Texture pool is 1361 MB (70% of 1945 MB)
[2015.12.04-19.57.55:311][  0]LogD3D11RHI: Async texture creation enabled
[2015.12.04-19.57.55:324][  0]LogShaderCompilers: Guid format shader working directory is -15 characters bigger than the processId version (../../../../../../Users/angel/Documents/Unreal Projects/Runny/Intermediate/Shaders/WorkingDirectory/3580/).
[2015.12.04-19.57.55:324][  0]LogShaderCompilers: Cleaned the shader compiler working directory 'C:/Users/angel/AppData/Local/Temp/UnrealShaderWorkingDir/6F0A8954465F460065B7948E78FA130F/'.
[2015.12.04-19.57.55:324][  0]LogShaderCompilers:Display: Using Local Shader Compiler.
[2015.12.04-19.57.56:106][  0]LogTemp:Display: Loaded TP AllDesktopTargetPlatform
[2015.12.04-19.57.56:110][  0]LogTemp:Display: Loaded TP WindowsClientTargetPlatform
[2015.12.04-19.57.56:115][  0]LogTemp:Display: Loaded TP WindowsNoEditorTargetPlatform
[2015.12.04-19.57.56:119][  0]LogTemp:Display: Loaded TP WindowsServerTargetPlatform
[2015.12.04-19.57.56:124][  0]LogTemp:Display: Loaded TP WindowsTargetPlatform
[2015.12.04-19.57.56:127][  0]LogTemp:Display: Loaded TP AndroidTargetPlatform
[2015.12.04-19.57.56:130][  0]LogTemp:Display: Loaded TP Android_ASTCTargetPlatform
[2015.12.04-19.57.56:136][  0]LogTemp:Display: Loaded TP Android_ATCTargetPlatform
[2015.12.04-19.57.56:142][  0]LogTemp:Display: Loaded TP Android_DXTTargetPlatform
[2015.12.04-19.57.56:149][  0]LogTemp:Display: Loaded TP Android_ETC1TargetPlatform
[2015.12.04-19.57.56:156][  0]LogTemp:Display: Loaded TP Android_ETC2TargetPlatform
[2015.12.04-19.57.56:163][  0]LogTemp:Display: Loaded TP Android_MultiTargetPlatform
[2015.12.04-19.57.56:163][  0]LogTemp:Display: Loaded TP Android_PVRTCTargetPlatform
[2015.12.04-19.57.56:164][  0]LogTemp:Display: Loaded TP HTML5TargetPlatform
[2015.12.04-19.57.56:189][  0]LogTemp:Display: Loaded TP IOSTargetPlatform
[2015.12.04-19.57.56:192][  0]LogTemp:Display: Loaded TP LinuxNoEditorTargetPlatform
[2015.12.04-19.57.56:195][  0]LogTemp:Display: Loaded TP LinuxServerTargetPlatform
[2015.12.04-19.57.56:198][  0]LogTemp:Display: Loaded TP LinuxTargetPlatform
[2015.12.04-19.57.56:198][  0]LogTargetPlatformManager:Display: Building Assets For Windows
[2015.12.04-19.57.56:278][  0]LogDerivedDataCache:Display: Max Cache Size: 512 MB
[2015.12.04-19.57.56:332][  0]LogDerivedDataCache: Loaded boot cache 0.05s 41MB C:/Users/angel/AppData/Local/UnrealEngine/4.10/DerivedDataCache/Boot.ddc.
[2015.12.04-19.57.56:332][  0]LogDerivedDataCache:Display: Loaded Boot cache: C:/Users/angel/AppData/Local/UnrealEngine/4.10/DerivedDataCache/Boot.ddc
[2015.12.04-19.57.56:332][  0]LogDerivedDataCache: FDerivedDataBackendGraph:  Pak pak cache file ../../../../../../Users/angel/Documents/Unreal Projects/Runny/DerivedDataCache/DDC.ddp not found, will not use a pak cache.
[2015.12.04-19.57.56:332][  0]LogDerivedDataCache: Unable to find inner node Pak for hierarchical cache Hierarchy.
[2015.12.04-19.57.56:332][  0]LogDerivedDataCache: FDerivedDataBackendGraph:  CompressedPak pak cache file ../../../../../../Users/angel/Documents/Unreal Projects/Runny/DerivedDataCache/Compressed.ddp not found, will not use a pak cache.
[2015.12.04-19.57.56:332][  0]LogDerivedDataCache: Unable to find inner node CompressedPak for hierarchical cache Hierarchy.
[2015.12.04-19.57.56:401][  0]LogDerivedDataCache:Display: Pak cache opened for reading ../../../Engine/DerivedDataCache/Compressed.ddp.
[2015.12.04-19.57.56:414][  0]LogDerivedDataCache: Using Local data cache path C:/Users/angel/AppData/Local/UnrealEngine/Common/DerivedDataCache: Writable
[2015.12.04-19.57.56:617][  0]LogInit: Selected Device Profile: [Windows]
[2015.12.04-19.57.56:619][  0]LogContentStreaming: Texture pool size is 0.000000MB
[2015.12.04-19.57.56:735][  0]LogMeshUtilities: No automatic mesh reduction module available
[2015.12.04-19.57.56:735][  0]LogMeshUtilities: No automatic mesh merging module available
[2015.12.04-19.57.56:981][  0]LogInit: WinSock: version 1.1 (2.2), MaxSocks=32767, MaxUdp=65467
[2015.12.04-19.57.57:745][  0]UdpMessaging: Initializing bridge on interface 0.0.0.0:0 to multicast group 230.0.0.1:6666.
[2015.12.04-19.57.57:852][  0]LogAssetRegistry: FAssetRegistry took 0.0113 seconds to start up
[2015.12.04-19.57.58:014][  0]SourceControl: Info Source control is disabled
[2015.12.04-19.57.58:015][  0]SourceControl: Info Source control is disabled
[2015.12.04-19.57.58:027][  0]SourceControl: Info Source control is disabled
[2015.12.04-19.57.58:037][  0]SourceControl: Info Source control is disabled
[2015.12.04-19.57.58:304][  0]LogObj: 28633 objects as part of root set at end of initial load.
[2015.12.04-19.57.58:304][  0]LogUObjectAllocator: 6099744 out of 0 bytes used by permanent object pool.
[2015.12.04-19.57.58:361][  0]LogEngine: Initializing Engine...
[2015.12.04-19.57.58:364][  0]LogHMD: Can't find Oculus library dev build: is proper Runtime installed? Version: 0.8.0.0
[2015.12.04-19.57.58:364][  0]LogHMD: SteamVR failed to initialize.  Err: 110
[2015.12.04-19.57.58:488][  0]LogAIModule: Creating AISystem for world NewWorld
[2015.12.04-19.57.58:496][  0]LogInit: XAudio2 using 'Speakers (High Definition Audio Device)' : 2 channels at 44.1 kHz using 16 bits per sample (channel mask 0x3)
[2015.12.04-19.57.58:504][  0]LogInit: FAudioDevice initialized.
[2015.12.04-19.57.58:534][  0]LogDerivedDataCache: Saved boot cache 0.03s 41MB C:/Users/angel/AppData/Local/UnrealEngine/4.10/DerivedDataCache/Boot.ddc.
[2015.12.04-19.57.58:542][  0]LogInit: Texture streaming: Enabled
[2015.12.04-19.57.58:548][  0]LogAnalytics: Creating configured Analytics provider AnalyticsET
[2015.12.04-19.57.58:548][  0]LogAnalytics: [UEEditor.Rocket.Release] APIServer = http://et2.epicgames.com/ET2/. AppVersion = 4.10.0-2758231+++depot+UE4-Releases+4.10
[2015.12.04-19.57.58:548][  0]LogAnalytics: [UEEditor.Rocket.Release] SetUserId af836f7b4431ea3d7aab488a0cd9e443|78d7c9180f314d92957faae411b8ed37|9dc74149-239c-4116-8b32-6773ff1f3bc5
[2015.12.04-19.57.58:548][  0]LogAnalytics: [UEEditor.Rocket.Release] AnalyticsET::StartSession
[2015.12.04-19.57.58:580][  0]LogInit: Transaction tracking system initialized
[2015.12.04-19.57.58:610][  0]BlueprintLog: New page: Editor Load
[2015.12.04-19.57.59:756][  0]LocalizationService: Info Localization service is disabled
[2015.12.04-19.57.59:827][  0]LogLinker:Warning: Can't find file '/Game/PuzzleCPP/PuzzleOverview'
[2015.12.04-19.57.59:827][  0]LogLinker:Warning: Can't find file '/Game/PuzzleCPP/PuzzleOverview'
[2015.12.04-19.57.59:827][  0]LogUObjectGlobals:Warning: Failed to find object 'Class /Game/PuzzleCPP/PuzzleOverview.PuzzleOverview_C'
[2015.12.04-19.57.59:843][  0]LogConsoleResponse:Display: 
[2015.12.04-19.57.59:948][  0]LogCook:Display: Done creating registry. It took  0.00s.
[2015.12.04-19.58.00:018][  0]LogFileCache: Scanning file cache for directory 'C:/Users/angel/Documents/Unreal Projects/Runny/Content/' took 0.01s
[2015.12.04-19.58.00:018][  0]SourceControl: Info Source control is disabled
[2015.12.04-19.58.00:018][  0]Cmd: MAP LOAD FILE="../../../../../../Users/angel/Documents/Unreal Projects/Runny/Content/2DSideScrollerBP/Maps/2DSideScrollerExampleMap.umap" TEMPLATE=0 SHOWPROGRESS=1 FEATURELEVEL=3
[2015.12.04-19.58.00:019][  0]LightingResults: New page: Lighting Build
[2015.12.04-19.58.00:022][  0]MapCheck: New page: Map Check
[2015.12.04-19.58.00:022][  0]LightingResults: New page: Lighting Build
[2015.12.04-19.58.00:036][  0]LogParticles: Destroying 0 GPU particle simulations for FXSystem 0x000000F243216AC0
[2015.12.04-19.58.00:276][  0]LogAIModule: Creating AISystem for world 2DSideScrollerExampleMap
[2015.12.04-19.58.00:289][  0]LogEditorServer: Finished looking for orphan Actors (0.000 secs)
[2015.12.04-19.58.00:292][  0]Cmd: MAP CHECKDEP NOCLEARLOG
[2015.12.04-19.58.00:348][  0]MapCheck: Info Map check complete: 0 Error(s), 0 Warning(s), took 55.823ms to complete.
[2015.12.04-19.58.00:348][  0]LogFileHelpers: Loading map '2DSideScrollerExampleMap' took 0.330
[2015.12.04-19.58.00:459][  0]LogCollectionManager: Loaded 0 collections in 0.001914 seconds
[2015.12.04-19.58.00:503][  0]LogFileCache: Scanning file cache for directory 'C:/Users/angel/Documents/Unreal Projects/Runny/Saved/Collections/' took 0.01s
[2015.12.04-19.58.00:503][  0]LogFileCache: Scanning file cache for directory 'C:/Users/angel/Documents/Unreal Projects/Runny/Content/Developers/angel/Collections/' took 0.01s
[2015.12.04-19.58.00:503][  0]LogFileCache: Scanning file cache for directory 'C:/Users/angel/Documents/Unreal Projects/Runny/Content/Collections/' took 0.01s
[2015.12.04-19.58.00:503][  0]LogCollectionManager: Rebuilt the GUID cache for 0 collections in 0.000005 seconds
[2015.12.04-19.58.00:511][  0]LogContentBrowser: Native class hierarchy populated in 0.0081 seconds. Added 1893 classes and 338 folders.
[2015.12.04-19.58.00:518][  0]LogContentBrowser: Native class hierarchy updated for 'WidgetCarousel' in 0.0003 seconds. Added 0 classes and 0 folders.
[2015.12.04-19.58.00:556][  0]LogContentBrowser: Native class hierarchy updated for 'AddContentDialog' in 0.0003 seconds. Added 0 classes and 0 folders.
[2015.12.04-19.58.00:561][  0]LogContentBrowser: Native class hierarchy updated for 'SceneOutliner' in 0.0003 seconds. Added 1 classes and 2 folders.
[2015.12.04-19.58.00:582][  0]LogCrashTracker: Crashtracker disabled due to settings.
[2015.12.04-19.58.00:586][  0]LogUObjectGlobals:Warning: Failed to find object 'Class None.'
[2015.12.04-19.58.00:609][  0]LogLoad: Full Startup: 6.29 seconds (BP compile: 0.04 seconds)
[2015.12.04-19.58.00:620][  0]LogOcInput: Can't find Oculus library dev build: is proper Runtime installed? Version: 0.8.0.0
[2015.12.04-19.58.00:673][  0]LogContentStreaming: Texture pool size now 1000 MB
[2015.12.04-19.58.00:838][  0]LogRenderer: Reallocating scene render targets to support 1208x572 (Frame:2).
[2015.12.04-19.58.01:252][ 29]LogAssetRegistry: Asset discovery search completed in 3.4121 seconds
[2015.12.04-19.58.01:252][ 29]LogCollectionManager: Rebuilt the object cache for 0 collections in 0.000001 seconds (found 0 objects)
[2015.12.04-19.58.01:252][ 29]LogCollectionManager: Fixed up redirectors for 0 collections in 0.000020 seconds (updated 0 objects)
[2015.12.04-19.58.02:220][140]LogBlueprintUserMessages: Early PlayInEditor Detection: Level '/Game/2DSideScrollerBP/Maps/2DSideScrollerExampleMap.2DSideScrollerExampleMap:PersistentLevel' has LevelScriptBlueprint '/Game/2DSideScrollerBP/Maps/2DSideScrollerExampleMap.2DSideScrollerExampleMap:PersistentLevel.2DSideScrollerExampleMap' with GeneratedClass '/Game/2DSideScrollerBP/Maps/2DSideScrollerExampleMap.2DSideScrollerExampleMap_C' with ClassGeneratedBy '/Game/2DSideScrollerBP/Maps/2DSideScrollerExampleMap.2DSideScrollerExampleMap:PersistentLevel.2DSideScrollerExampleMap'
[2015.12.04-19.58.02:220][140]LogPlayLevel: PlayLevel: No blueprints needed recompiling
[2015.12.04-19.58.02:223][140]PIE: New page: PIE session: 2DSideScrollerExampleMap (Dec 4, 2015, 7:58:02 AM)
[2015.12.04-19.58.02:223][140]LogPlayLevel: Creating play world package: /Game/2DSideScrollerBP/Maps/UEDPIE_0_2DSideScrollerExampleMap
[2015.12.04-19.58.02:227][140]LogPlayLevel: PIE: StaticDuplicateObject took: (0.004185s)
[2015.12.04-19.58.02:228][140]LogAIModule: Creating AISystem for world 2DSideScrollerExampleMap
[2015.12.04-19.58.02:228][140]LogPlayLevel: PIE: World Init took: (0.000644s)
[2015.12.04-19.58.02:228][140]LogPlayLevel: PIE: Created PIE world by copying editor world from /Game/2DSideScrollerBP/Maps/2DSideScrollerExampleMap.2DSideScrollerExampleMap to /Game/2DSideScrollerBP/Maps/UEDPIE_0_2DSideScrollerExampleMap.2DSideScrollerExampleMap (0.005214s)
[2015.12.04-19.58.02:246][140]LogInit: XAudio2 using 'Speakers (High Definition Audio Device)' : 2 channels at 44.1 kHz using 16 bits per sample (channel mask 0x3)
[2015.12.04-19.58.02:252][140]LogInit: FAudioDevice initialized.
[2015.12.04-19.58.02:306][140]LogWorld: Game class is '2DSideScrollerGameMode_C'
[2015.12.04-19.58.02:316][140]LogWorld: Bringing World /Game/2DSideScrollerBP/Maps/UEDPIE_0_2DSideScrollerExampleMap.2DSideScrollerExampleMap up for play (max tick rate 0) at 2015.12.04-13.58.02
[2015.12.04-19.58.02:316][140]LogActor:Warning: GameSession /Game/2DSideScrollerBP/Maps/UEDPIE_0_2DSideScrollerExampleMap.2DSideScrollerExampleMap:PersistentLevel.GameSession_0 has natively added scene component(s), but none of them were set as the actor's RootComponent - picking one arbitrarily
[2015.12.04-19.58.02:317][140]LogActor:Warning: GameNetworkManager /Game/2DSideScrollerBP/Maps/UEDPIE_0_2DSideScrollerExampleMap.2DSideScrollerExampleMap:PersistentLevel.GameNetworkManager_0 has natively added scene component(s), but none of them were set as the actor's RootComponent - picking one arbitrarily
[2015.12.04-19.58.02:322][140]LogWorld: Bringing up level for play took: 0.008968
[2015.12.04-19.58.02:348][140]PIE: Info Play in editor start time for /Game/2DSideScrollerBP/Maps/UEDPIE_0_2DSideScrollerExampleMap -0.419
[2015.12.04-19.58.02:348][140]LogBlueprintUserMessages: Late PlayInEditor Detection: Level '/Game/2DSideScrollerBP/Maps/2DSideScrollerExampleMap.2DSideScrollerExampleMap:PersistentLevel' has LevelScriptBlueprint '/Game/2DSideScrollerBP/Maps/2DSideScrollerExampleMap.2DSideScrollerExampleMap:PersistentLevel.2DSideScrollerExampleMap' with GeneratedClass '/Game/2DSideScrollerBP/Maps/2DSideScrollerExampleMap.2DSideScrollerExampleMap_C' with ClassGeneratedBy '/Game/2DSideScrollerBP/Maps/2DSideScrollerExampleMap.2DSideScrollerExampleMap:PersistentLevel.2DSideScrollerExampleMap'
[2015.12.04-19.58.07:968][809]LogBlueprintUserMessages: Early EndPlayMap Detection: Level '/Game/2DSideScrollerBP/Maps/2DSideScrollerExampleMap.2DSideScrollerExampleMap:PersistentLevel' has LevelScriptBlueprint '/Game/2DSideScrollerBP/Maps/2DSideScrollerExampleMap.2DSideScrollerExampleMap:PersistentLevel.2DSideScrollerExampleMap' with GeneratedClass '/Game/2DSideScrollerBP/Maps/2DSideScrollerExampleMap.2DSideScrollerExampleMap_C' with ClassGeneratedBy '/Game/2DSideScrollerBP/Maps/2DSideScrollerExampleMap.2DSideScrollerExampleMap:PersistentLevel.2DSideScrollerExampleMap'
[2015.12.04-19.58.08:006][809]LogBlueprintUserMessages: Late EndPlayMap Detection: Level '/Game/2DSideScrollerBP/Maps/2DSideScrollerExampleMap.2DSideScrollerExampleMap:PersistentLevel' has LevelScriptBlueprint '/Game/2DSideScrollerBP/Maps/2DSideScrollerExampleMap.2DSideScrollerExampleMap:PersistentLevel.2DSideScrollerExampleMap' with GeneratedClass '/Game/2DSideScrollerBP/Maps/2DSideScrollerExampleMap.2DSideScrollerExampleMap_C' with ClassGeneratedBy '/Game/2DSideScrollerBP/Maps/2DSideScrollerExampleMap.2DSideScrollerExampleMap:PersistentLevel.2DSideScrollerExampleMap'
[2015.12.04-19.58.08:018][809]LogParticles: Destroying 0 GPU particle simulations for FXSystem 0x000000F254A7CEA0
[2015.12.04-19.58.08:843][900]LogWindowsTextInputMethodSystem:Display: IME system now deactivated.
[2015.12.04-19.58.09:048][901]Cmd: QUIT_EDITOR
[2015.12.04-19.58.09:503][901]LogExit: Preparing to exit.
[2015.12.04-19.58.09:851][901]LogExit: Editor shut down
[2015.12.04-19.58.09:851][901]LogExit: Transaction tracking system shut down
[2015.12.04-19.58.09:853][901]LogParticles: Destroying 0 GPU particle simulations for FXSystem 0x000000F2317B9120
[2015.12.04-19.58.09:853][901]LogParticles: Destroying 0 GPU particle simulations for FXSystem 0x000000F233782DE0
[2015.12.04-19.58.09:968][901]LogExit: Object subsystem successfully closed.
[2015.12.04-19.58.09:982][901]LogD3D11RHI: Shutdown
[2015.12.04-19.58.09:982][901]LogD3D11RHI: CleanupD3DDevice
[2015.12.04-19.58.10:034][901]LogD3D11RHI: ~FD3D11DynamicRHI
[2015.12.04-19.58.10:050][901]LogModuleManager: Shutting down and abandoning module CrashTracker (198)
[2015.12.04-19.58.10:050][901]LogModuleManager: Shutting down and abandoning module SceneOutliner (197)
[2015.12.04-19.58.10:050][901]LogModuleManager: Shutting down and abandoning module SuperSearch (196)
[2015.12.04-19.58.10:050][901]LogModuleManager: Shutting down and abandoning module WidgetCarousel (195)
[2015.12.04-19.58.10:050][901]LogModuleManager: Shutting down and abandoning module AddContentDialog (194)
[2015.12.04-19.58.10:051][901]LogModuleManager: Shutting down and abandoning module EditorWidgets (193)
[2015.12.04-19.58.10:051][901]LogModuleManager: Shutting down and abandoning module CollectionManager (192)
[2015.12.04-19.58.10:051][901]LogModuleManager: Shutting down and abandoning module StatsViewer (191)
[2015.12.04-19.58.10:051][901]LogModuleManager: Shutting down and abandoning module FoliageEdit (190)
[2015.12.04-19.58.10:051][901]LogModuleManager: Shutting down and abandoning module LandscapeEditor (189)
[2015.12.04-19.58.10:051][901]LogModuleManager: Shutting down and abandoning module ActorPickerMode (188)
[2015.12.04-19.58.10:051][901]LogModuleManager: Shutting down and abandoning module GeometryMode (187)
[2015.12.04-19.58.10:051][901]LogModuleManager: Shutting down and abandoning module TextureAlignMode (186)
[2015.12.04-19.58.10:051][901]LogModuleManager: Shutting down and abandoning module BspMode (185)
[2015.12.04-19.58.10:051][901]LogModuleManager: Shutting down and abandoning module PlacementMode (184)
[2015.12.04-19.58.10:051][901]LogModuleManager: Shutting down and abandoning module AutomationWorker (183)
[2015.12.04-19.58.10:051][901]LogModuleManager: Shutting down and abandoning module CharacterAI (182)
[2015.12.04-19.58.10:051][901]LogModuleManager: Shutting down and abandoning module SmartSnapping (181)
[2015.12.04-19.58.10:051][901]LogModuleManager: Shutting down and abandoning module ViewportSnapping (180)
[2015.12.04-19.58.10:051][901]LogModuleManager: Shutting down and abandoning module LogVisualizer (179)
[2015.12.04-19.58.10:051][901]LogModuleManager: Shutting down and abandoning module GameProjectGeneration (178)
[2015.12.04-19.58.10:051][901]LogModuleManager: Shutting down and abandoning module IntroTutorials (177)
[2015.12.04-19.58.10:051][901]LogModuleManager: Shutting down and abandoning module EditorLiveStreaming (176)
[2015.12.04-19.58.10:051][901]LogModuleManager: Shutting down and abandoning module IOSPlatformEditor (175)
[2015.12.04-19.58.10:052][901]LogModuleManager: Shutting down and abandoning module HTML5PlatformEditor (174)
[2015.12.04-19.58.10:052][901]LogModuleManager: Shutting down and abandoning module AndroidDeviceDetection (173)
[2015.12.04-19.58.10:800][901]LogModuleManager: Shutting down and abandoning module AndroidPlatformEditor (172)
[2015.12.04-19.58.10:800][901]LogModuleManager: Shutting down and abandoning module IOSRuntimeSettings (171)
[2015.12.04-19.58.10:800][901]LogModuleManager: Shutting down and abandoning module AndroidRuntimeSettings (170)
[2015.12.04-19.58.10:800][901]LogModuleManager: Shutting down and abandoning module MergeActors (169)
[2015.12.04-19.58.10:800][901]LogModuleManager: Shutting down and abandoning module SizeMap (168)
[2015.12.04-19.58.10:800][901]LogModuleManager: Shutting down and abandoning module TreeMap (167)
[2015.12.04-19.58.10:800][901]LogModuleManager: Shutting down and abandoning module ReferenceViewer (166)
[2015.12.04-19.58.10:800][901]LogModuleManager: Shutting down and abandoning module LocalizationService (165)
[2015.12.04-19.58.10:800][901]LogModuleManager: Shutting down and abandoning module LocalizationDashboard (164)
[2015.12.04-19.58.10:800][901]LogModuleManager: Shutting down and abandoning module HardwareTargeting (163)
[2015.12.04-19.58.10:800][901]LogModuleManager: Shutting down and abandoning module DeviceProfileEditor (162)
[2015.12.04-19.58.10:800][901]LogModuleManager: Shutting down and abandoning module UndoHistory (161)
[2015.12.04-19.58.10:800][901]LogModuleManager: Shutting down and abandoning module GameplayTagsEditor (160)
[2015.12.04-19.58.10:800][901]LogModuleManager: Shutting down and abandoning module UserFeedback (159)
[2015.12.04-19.58.10:800][901]LogModuleManager: Shutting down and abandoning module XmlParser (158)
[2015.12.04-19.58.10:800][901]LogModuleManager: Shutting down and abandoning module Blutility (157)
[2015.12.04-19.58.10:800][901]LogModuleManager: Shutting down and abandoning module ProjectTargetPlatformEditor (156)
[2015.12.04-19.58.10:800][901]LogModuleManager: Shutting down and abandoning module ProjectSettingsViewer (155)
[2015.12.04-19.58.10:800][901]LogModuleManager: Shutting down and abandoning module InputBindingEditor (154)
[2015.12.04-19.58.10:801][901]LogModuleManager: Shutting down and abandoning module EditorSettingsViewer (153)
[2015.12.04-19.58.10:801][901]LogModuleManager: Shutting down and abandoning module SettingsEditor (152)
[2015.12.04-19.58.10:801][901]LogModuleManager: Shutting down and abandoning module ProjectLauncher (151)
[2015.12.04-19.58.10:801][901]LogModuleManager: Shutting down and abandoning module SessionFrontend (150)
[2015.12.04-19.58.10:801][901]LogModuleManager: Shutting down and abandoning module ProfilerClient (149)
[2015.12.04-19.58.10:801][901]LogModuleManager: Shutting down and abandoning module TargetDeviceServices (148)
[2015.12.04-19.58.10:801][901]LogModuleManager: Shutting down and abandoning module DeviceManager (147)
[2015.12.04-19.58.10:801][901]LogModuleManager: Shutting down and abandoning module AutomationController (146)
[2015.12.04-19.58.10:801][901]LogModuleManager: Shutting down and abandoning module AutomationWindow (145)
[2015.12.04-19.58.10:801][901]LogModuleManager: Shutting down and abandoning module Layers (144)
[2015.12.04-19.58.10:801][901]LogModuleManager: Shutting down and abandoning module ComponentVisualizers (143)
[2015.12.04-19.58.10:801][901]LogModuleManager: Shutting down and abandoning module DetailCustomizations (142)
[2015.12.04-19.58.10:801][901]LogModuleManager: Shutting down and abandoning module PackagesDialog (141)
[2015.12.04-19.58.10:801][901]LogModuleManager: Shutting down and abandoning module Persona (140)
[2015.12.04-19.58.10:801][901]LogModuleManager: Shutting down and abandoning module Kismet (139)
[2015.12.04-19.58.10:801][901]LogModuleManager: Shutting down and abandoning module GraphEditor (138)
[2015.12.04-19.58.10:801][901]LogModuleManager: Shutting down and abandoning module ClassViewer (137)
[2015.12.04-19.58.10:801][901]LogModuleManager: Shutting down and abandoning module Toolbox (136)
[2015.12.04-19.58.10:801][901]LogModuleManager: Shutting down and abandoning module ModuleUI (135)
[2015.12.04-19.58.10:801][901]LogModuleManager: Shutting down and abandoning module MovieSceneTools (134)
[2015.12.04-19.58.10:801][901]LogModuleManager: Shutting down and abandoning module OutputLog (133)
[2015.12.04-19.58.10:801][901]LogModuleManager: Shutting down and abandoning module GammaUI (132)
[2015.12.04-19.58.10:801][901]LogModuleManager: Shutting down and abandoning module Documentation (131)
[2015.12.04-19.58.10:801][901]LogModuleManager: Shutting down and abandoning module GameLiveStreaming (130)
[2015.12.04-19.58.10:801][901]LogModuleManager: Shutting down and abandoning module StreamingPauseRendering (129)
[2015.12.04-19.58.10:801][901]LogModuleManager: Shutting down and abandoning module AnalyticsET (128)
[2015.12.04-19.58.10:801][901]LogModuleManager: Shutting down and abandoning module Analytics (127)
[2015.12.04-19.58.10:801][901]LogModuleManager: Shutting down and abandoning module AITestSuite (126)
[2015.12.04-19.58.10:801][901]LogModuleManager: Shutting down and abandoning module GameplayDebugger (125)
[2015.12.04-19.58.10:801][901]LogModuleManager: Shutting down and abandoning module AIModule (124)
[2015.12.04-19.58.10:801][901]LogModuleManager: Shutting down and abandoning module ProfilerService (123)
[2015.12.04-19.58.10:833][901]LogModuleManager: Shutting down and abandoning module TaskGraph (122)
[2015.12.04-19.58.10:833][901]LogModuleManager: Shutting down and abandoning module SlateRemote (121)
[2015.12.04-19.58.10:833][901]LogModuleManager: Shutting down and abandoning module SteamVRController (120)
[2015.12.04-19.58.10:833][901]LogModuleManager: Shutting down and abandoning module SteamVR (119)
[2015.12.04-19.58.10:833][901]LogModuleManager: Shutting down and abandoning module ProceduralMeshComponent (118)
[2015.12.04-19.58.10:833][901]LogModuleManager: Shutting down and abandoning module OculusLibrary (117)
[2015.12.04-19.58.10:834][901]LogModuleManager: Shutting down and abandoning module OculusInput (116)
[2015.12.04-19.58.10:834][901]LogModuleManager: Shutting down and abandoning module LeapMotionController (115)
[2015.12.04-19.58.10:846][901]LogModuleManager: Shutting down and abandoning module CustomMeshComponent (114)
[2015.12.04-19.58.10:846][901]LogModuleManager: Shutting down and abandoning module CableComponent (113)
[2015.12.04-19.58.10:846][901]LogModuleManager: Shutting down and abandoning module ArchVisCharacter (112)
[2015.12.04-19.58.10:846][901]LogModuleManager: Shutting down and abandoning module MessagingDebugger (111)
[2015.12.04-19.58.10:846][901]LogModuleManager: Shutting down and abandoning module MediaPlayerEditor (110)
[2015.12.04-19.58.10:846][901]LogModuleManager: Shutting down and abandoning module HTML5Networking (109)
[2015.12.04-19.58.10:846][901]LogModuleManager: Shutting down and abandoning module SpeedTreeImporter (108)
[2015.12.04-19.58.10:846][901]LogModuleManager: Shutting down and abandoning module PluginBrowser (107)
[2015.12.04-19.58.10:846][901]LogModuleManager: Shutting down and abandoning module EpicSurvey (106)
[2015.12.04-19.58.10:846][901]LogModuleManager: Shutting down and abandoning module DesktopPlatform (105)
[2015.12.04-19.58.10:846][901]LogModuleManager: Shutting down and abandoning module VisualStudioSourceCodeAccess (104)
[2015.12.04-19.58.10:846][901]LogModuleManager: Shutting down and abandoning module UObjectPlugin (103)
[2015.12.04-19.58.10:846][901]LogModuleManager: Shutting down and abandoning module SubversionSourceControl (102)
[2015.12.04-19.58.10:846][901]LogModuleManager: Shutting down and abandoning module PerforceSourceControl (101)
[2015.12.04-19.58.10:846][901]LogModuleManager: Shutting down and abandoning module SourceControl (100)
[2015.12.04-19.58.10:846][901]LogModuleManager: Shutting down and abandoning module GitSourceControl (99)
[2015.12.04-19.58.10:846][901]LogModuleManager: Shutting down and abandoning module LightPropagationVolumeEditor (98)
[2015.12.04-19.58.10:846][901]LogModuleManager: Shutting down and abandoning module PaperTiledImporter (97)
[2015.12.04-19.58.10:846][901]LogModuleManager: Shutting down and abandoning module PaperSpriteSheetImporter (96)
[2015.12.04-19.58.10:846][901]LogModuleManager: Shutting down and abandoning module MeshPaint (95)
[2015.12.04-19.58.10:846][901]LogModuleManager: Shutting down and abandoning module SlateReflector (94)
[2015.12.04-19.58.10:847][901]LogModuleManager: Shutting down and abandoning module HotReload (93)
[2015.12.04-19.58.10:847][901]LogModuleManager: Shutting down and abandoning module MainFrame (92)
[2015.12.04-19.58.10:847][901]LogModuleManager: Shutting down and abandoning module LevelEditor (91)
[2015.12.04-19.58.10:848][901]LogModuleManager: Shutting down and abandoning module DirectoryWatcher (90)
[2015.12.04-19.58.10:848][901]LogModuleManager: Shutting down and abandoning module AssetRegistry (89)
[2015.12.04-19.58.10:969][901]LogModuleManager: Shutting down and abandoning module ContentBrowser (88)
[2015.12.04-19.58.10:970][901]LogModuleManager: Shutting down and abandoning module Paper2DEditor (87)
[2015.12.04-19.58.10:970][901]LogModuleManager: Shutting down and abandoning module UdpMessaging (86)
[2015.12.04-19.58.11:070][901]LogModuleManager: Shutting down and abandoning module LightPropagationVolumeRuntime (85)
[2015.12.04-19.58.11:070][901]LogModuleManager: Shutting down and abandoning module Paper2D (84)
[2015.12.04-19.58.11:070][901]LogModuleManager: Shutting down and abandoning module WindowsMoviePlayer (83)
[2015.12.04-19.58.11:072][901]LogModuleManager: Shutting down and abandoning module Media (82)
[2015.12.04-19.58.11:072][901]LogModuleManager: Shutting down and abandoning module WmfMedia (81)
[2015.12.04-19.58.11:073][901]LogModuleManager: Shutting down and abandoning module OnlineBlueprintSupport (80)
[2015.12.04-19.58.11:073][901]LogModuleManager: Shutting down and abandoning module GameplayTasksEditor (79)
[2015.12.04-19.58.11:073][901]LogModuleManager: Shutting down and abandoning module PropertyEditor (78)
[2015.12.04-19.58.11:073][901]LogModuleManager: Shutting down and abandoning module BehaviorTreeEditor (77)
[2015.12.04-19.58.11:073][901]LogModuleManager: Shutting down and abandoning module FunctionalTesting (76)
[2015.12.04-19.58.11:073][901]LogModuleManager: Shutting down and abandoning module CollisionAnalyzer (75)
[2015.12.04-19.58.11:073][901]LogModuleManager: Shutting down and abandoning module WorkspaceMenuStructure (74)
[2015.12.04-19.58.11:073][901]LogModuleManager: Shutting down and abandoning module MessageLog (73)
[2015.12.04-19.58.11:073][901]LogModuleManager: Shutting down and abandoning module Sequencer (72)
[2015.12.04-19.58.11:073][901]LogModuleManager: Shutting down and abandoning module AssetTools (71)
[2015.12.04-19.58.11:073][901]LogModuleManager: Shutting down and abandoning module UMGEditor (70)
[2015.12.04-19.58.11:073][901]LogModuleManager: Shutting down and abandoning module UMG (69)
[2015.12.04-19.58.11:073][901]LogModuleManager: Shutting down and abandoning module Slate (68)
[2015.12.04-19.58.11:073][901]LogModuleManager: Shutting down and abandoning module EditorStyle (67)
[2015.12.04-19.58.11:075][901]LogModuleManager: Shutting down and abandoning module SessionServices (66)
[2015.12.04-19.58.11:075][901]LogModuleManager: Shutting down and abandoning module SourceCodeAccess (65)
[2015.12.04-19.58.11:075][901]LogModuleManager: Shutting down and abandoning module HeadMountedDisplay (64)
[2015.12.04-19.58.11:075][901]LogModuleManager: Shutting down and abandoning module XAudio2 (63)
[2015.12.04-19.58.11:075][901]LogModuleManager: Shutting down and abandoning module Networking (61)
[2015.12.04-19.58.11:075][901]LogModuleManager: Shutting down and abandoning module Core (60)
[2015.12.04-19.58.11:075][901]LogModuleManager: Shutting down and abandoning module KismetCompiler (59)
[2015.12.04-19.58.11:075][901]LogModuleManager: Shutting down and abandoning module PhysXFormats (58)
[2015.12.04-19.58.11:075][901]LogModuleManager: Shutting down and abandoning module MeshUtilities (57)
[2015.12.04-19.58.11:075][901]LogModuleManager: Shutting down and abandoning module DerivedDataCache (56)
[2015.12.04-19.58.11:424][901]LogDerivedDataCache: Shutdown
[2015.12.04-19.58.11:424][901]LogModuleManager: Shutting down and abandoning module ShaderFormatOpenGL (55)
[2015.12.04-19.58.11:424][901]LogModuleManager: Shutting down and abandoning module ShaderFormatD3D (54)
[2015.12.04-19.58.11:424][901]LogModuleManager: Shutting down and abandoning module MetalShaderFormat (53)
[2015.12.04-19.58.11:424][901]LogModuleManager: Shutting down and abandoning module TextureFormatUncompressed (52)
[2015.12.04-19.58.11:424][901]LogModuleManager: Shutting down and abandoning module TextureFormatPVR (51)
[2015.12.04-19.58.11:424][901]LogModuleManager: Shutting down and abandoning module TextureFormatIntelISPCTexComp (50)
[2015.12.04-19.58.11:424][901]LogModuleManager: Shutting down and abandoning module TextureFormatDXT (49)
[2015.12.04-19.58.11:424][901]LogModuleManager: Shutting down and abandoning module ImageWrapper (48)
[2015.12.04-19.58.11:424][901]LogModuleManager: Shutting down and abandoning module TextureFormatASTC (47)
[2015.12.04-19.58.11:424][901]LogModuleManager: Shutting down and abandoning module TextureFormatAndroid (46)
[2015.12.04-19.58.11:424][901]LogModuleManager: Shutting down and abandoning module AudioFormatOpus (45)
[2015.12.04-19.58.11:424][901]LogModuleManager: Shutting down and abandoning module AudioFormatOgg (44)
[2015.12.04-19.58.11:424][901]LogModuleManager: Shutting down and abandoning module AudioFormatADPCM (43)
[2015.12.04-19.58.11:424][901]LogModuleManager: Shutting down and abandoning module LinuxTargetPlatform (42)
[2015.12.04-19.58.11:424][901]LogModuleManager: Shutting down and abandoning module LinuxServerTargetPlatform (41)
[2015.12.04-19.58.11:424][901]LogModuleManager: Shutting down and abandoning module LinuxNoEditorTargetPlatform (40)
[2015.12.04-19.58.11:424][901]LogModuleManager: Shutting down and abandoning module Messaging (39)
[2015.12.04-19.58.11:424][901]LogModuleManager: Shutting down and abandoning module IOSTargetPlatform (38)
[2015.12.04-19.58.11:424][901]LogModuleManager: Shutting down and abandoning module HTML5TargetPlatform (37)
[2015.12.04-19.58.11:424][901]LogModuleManager: Shutting down and abandoning module Android_PVRTCTargetPlatform (36)
[2015.12.04-19.58.11:424][901]LogModuleManager: Shutting down and abandoning module Android_MultiTargetPlatform (35)
[2015.12.04-19.58.11:424][901]LogModuleManager: Shutting down and abandoning module Android_ETC2TargetPlatform (34)
[2015.12.04-19.58.11:424][901]LogModuleManager: Shutting down and abandoning module Android_ETC1TargetPlatform (33)
[2015.12.04-19.58.11:424][901]LogModuleManager: Shutting down and abandoning module Android_DXTTargetPlatform (32)
[2015.12.04-19.58.11:425][901]LogModuleManager: Shutting down and abandoning module Android_ATCTargetPlatform (31)
[2015.12.04-19.58.11:425][901]LogModuleManager: Shutting down and abandoning module Android_ASTCTargetPlatform (30)
[2015.12.04-19.58.11:425][901]LogModuleManager: Shutting down and abandoning module AndroidTargetPlatform (29)
[2015.12.04-19.58.11:425][901]LogModuleManager: Shutting down and abandoning module WindowsTargetPlatform (28)
[2015.12.04-19.58.11:425][901]LogModuleManager: Shutting down and abandoning module WindowsServerTargetPlatform (27)
[2015.12.04-19.58.11:425][901]LogModuleManager: Shutting down and abandoning module WindowsNoEditorTargetPlatform (26)
[2015.12.04-19.58.11:425][901]LogModuleManager: Shutting down and abandoning module WindowsClientTargetPlatform (25)
[2015.12.04-19.58.11:425][901]LogModuleManager: Shutting down and abandoning module AllDesktopTargetPlatform (24)
[2015.12.04-19.58.11:425][901]LogModuleManager: Shutting down and abandoning module TargetPlatform (23)
[2015.12.04-19.58.11:425][901]LogModuleManager: Shutting down and abandoning module InputCore (22)
[2015.12.04-19.58.11:425][901]LogModuleManager: Shutting down and abandoning module Settings (21)
[2015.12.04-19.58.11:425][901]LogModuleManager: Shutting down and abandoning module OnlineSubsystem (19)
[2015.12.04-19.58.11:425][901]LogModuleManager: Shutting down and abandoning module HTTP (18)
[2015.12.04-19.58.13:428][901]LogModuleManager: Shutting down and abandoning module XMPP (17)
[2015.12.04-19.58.13:428][901]LogModuleManager: Shutting down and abandoning module OculusRift (16)
[2015.12.04-19.58.13:428][901]LogModuleManager: Shutting down and abandoning module ExampleDeviceProfileSelector (15)
[2015.12.04-19.58.13:428][901]LogModuleManager: Shutting down and abandoning module TextureCompressor (14)
[2015.12.04-19.58.13:428][901]LogModuleManager: Shutting down and abandoning module ShaderCore (13)
[2015.12.04-19.58.13:428][901]LogModuleManager: Shutting down and abandoning module Landscape (12)
[2015.12.04-19.58.13:428][901]LogModuleManager: Shutting down and abandoning module SlateRHIRenderer (11)
[2015.12.04-19.58.13:428][901]LogModuleManager: Shutting down and abandoning module OpenGLDrv (10)
[2015.12.04-19.58.13:428][901]LogModuleManager: Shutting down and abandoning module D3D11RHI (9)
[2015.12.04-19.58.13:428][901]LogModuleManager: Shutting down and abandoning module AnimGraphRuntime (8)
[2015.12.04-19.58.13:428][901]LogModuleManager: Shutting down and abandoning module Renderer (7)
[2015.12.04-19.58.13:429][901]LogModuleManager: Shutting down and abandoning module Engine (6)
[2015.12.04-19.58.13:429][901]LogModuleManager: Shutting down and abandoning module CoreUObject (5)
[2015.12.04-19.58.13:429][901]LogModuleManager: Shutting down and abandoning module NetworkFile (4)
[2015.12.04-19.58.13:429][901]LogModuleManager: Shutting down and abandoning module StreamingFile (3)
[2015.12.04-19.58.13:429][901]LogModuleManager: Shutting down and abandoning module SandboxFile (2)
[2015.12.04-19.58.13:429][901]LogModuleManager: Shutting down and abandoning module PakFile (1)
[2015.12.04-19.58.13:430][901]LogExit: Exiting.
[2015.12.04-19.58.13:442][901]Log file closed, 12/04/15 13:58:13
